<?xml version="1.0" encoding="UTF-8"?>
<testsuites>
  <testsuite name="" tests="111" assertions="206" errors="0" warnings="0" failures="0" skipped="0" time="5.641549">
    <testsuite name="P\Users\ben\Sites\plugins\craftv4\craftblitz\tests\pest\Feature\CacheRequestTest" file="/Users/ben/Sites/plugins/craft_v4/craft-blitz/tests/pest/Feature/CacheRequestTest.php" tests="18" assertions="20" errors="0" warnings="0" failures="0" skipped="0" time="0.989062">
      <testcase name="Request matching included URI pattern is cacheable" class="Users\ben\Sites\plugins\craftv4\craftblitz\tests\pest\Feature\CacheRequestTest" classname="Users.ben.Sites.plugins.craftv4.craftblitz.tests.pest.Feature.CacheRequestTest" file="/Users/ben/Sites/plugins/craft_v4/craft-blitz/tests/pest/Feature/CacheRequestTest.php" assertions="1" time="0.837589"/>
      <testcase name="Request with generate token is cacheable" class="Users\ben\Sites\plugins\craftv4\craftblitz\tests\pest\Feature\CacheRequestTest" classname="Users.ben.Sites.plugins.craftv4.craftblitz.tests.pest.Feature.CacheRequestTest" file="/Users/ben/Sites/plugins/craft_v4/craft-blitz/tests/pest/Feature/CacheRequestTest.php" assertions="1" time="0.027044"/>
      <testcase name="Request with `no-cache` param is not cacheable" class="Users\ben\Sites\plugins\craftv4\craftblitz\tests\pest\Feature\CacheRequestTest" classname="Users.ben.Sites.plugins.craftv4.craftblitz.tests.pest.Feature.CacheRequestTest" file="/Users/ben/Sites/plugins/craft_v4/craft-blitz/tests/pest/Feature/CacheRequestTest.php" assertions="1" time="0.018172"/>
      <testcase name="Request with token is not cacheable" class="Users\ben\Sites\plugins\craftv4\craftblitz\tests\pest\Feature\CacheRequestTest" classname="Users.ben.Sites.plugins.craftv4.craftblitz.tests.pest.Feature.CacheRequestTest" file="/Users/ben/Sites/plugins/craft_v4/craft-blitz/tests/pest/Feature/CacheRequestTest.php" assertions="1" time="0.011858"/>
      <testcase name="Request with `_includes` path is a cached include" class="Users\ben\Sites\plugins\craftv4\craftblitz\tests\pest\Feature\CacheRequestTest" classname="Users.ben.Sites.plugins.craftv4.craftblitz.tests.pest.Feature.CacheRequestTest" file="/Users/ben/Sites/plugins/craft_v4/craft-blitz/tests/pest/Feature/CacheRequestTest.php" assertions="1" time="0.002519"/>
      <testcase name="Request with include action is a cached include" class="Users\ben\Sites\plugins\craftv4\craftblitz\tests\pest\Feature\CacheRequestTest" classname="Users.ben.Sites.plugins.craftv4.craftblitz.tests.pest.Feature.CacheRequestTest" file="/Users/ben/Sites/plugins/craft_v4/craft-blitz/tests/pest/Feature/CacheRequestTest.php" assertions="1" time="0.006077"/>
      <testcase name="Requested cacheable site URI includes allowed query strings when urls cached as unique pages" class="Users\ben\Sites\plugins\craftv4\craftblitz\tests\pest\Feature\CacheRequestTest" classname="Users.ben.Sites.plugins.craftv4.craftblitz.tests.pest.Feature.CacheRequestTest" file="/Users/ben/Sites/plugins/craft_v4/craft-blitz/tests/pest/Feature/CacheRequestTest.php" assertions="1" time="0.015497"/>
      <testcase name="Requested cacheable site URI does not include query strings when urls cached as same page" class="Users\ben\Sites\plugins\craftv4\craftblitz\tests\pest\Feature\CacheRequestTest" classname="Users.ben.Sites.plugins.craftv4.craftblitz.tests.pest.Feature.CacheRequestTest" file="/Users/ben/Sites/plugins/craft_v4/craft-blitz/tests/pest/Feature/CacheRequestTest.php" assertions="1" time="0.019509"/>
      <testcase name="Requested cacheable site URI includes page trigger" class="Users\ben\Sites\plugins\craftv4\craftblitz\tests\pest\Feature\CacheRequestTest" classname="Users.ben.Sites.plugins.craftv4.craftblitz.tests.pest.Feature.CacheRequestTest" file="/Users/ben/Sites/plugins/craft_v4/craft-blitz/tests/pest/Feature/CacheRequestTest.php" assertions="1" time="0.008929"/>
      <testcase name="Requested cacheable site URI works with regular expressions" class="Users\ben\Sites\plugins\craftv4\craftblitz\tests\pest\Feature\CacheRequestTest" classname="Users.ben.Sites.plugins.craftv4.craftblitz.tests.pest.Feature.CacheRequestTest" file="/Users/ben/Sites/plugins/craft_v4/craft-blitz/tests/pest/Feature/CacheRequestTest.php" assertions="1" time="0.015950"/>
      <testcase name="Site URI with included URI pattern is cacheable" class="Users\ben\Sites\plugins\craftv4\craftblitz\tests\pest\Feature\CacheRequestTest" classname="Users.ben.Sites.plugins.craftv4.craftblitz.tests.pest.Feature.CacheRequestTest" file="/Users/ben/Sites/plugins/craft_v4/craft-blitz/tests/pest/Feature/CacheRequestTest.php" assertions="1" time="0.004445"/>
      <testcase name="Site URI with excluded URI pattern is not cacheable" class="Users\ben\Sites\plugins\craftv4\craftblitz\tests\pest\Feature\CacheRequestTest" classname="Users.ben.Sites.plugins.craftv4.craftblitz.tests.pest.Feature.CacheRequestTest" file="/Users/ben/Sites/plugins/craft_v4/craft-blitz/tests/pest/Feature/CacheRequestTest.php" assertions="1" time="0.003604"/>
      <testcase name="Site URI with `admin` in URI is cacheable" class="Users\ben\Sites\plugins\craftv4\craftblitz\tests\pest\Feature\CacheRequestTest" classname="Users.ben.Sites.plugins.craftv4.craftblitz.tests.pest.Feature.CacheRequestTest" file="/Users/ben/Sites/plugins/craft_v4/craft-blitz/tests/pest/Feature/CacheRequestTest.php" assertions="1" time="0.003244"/>
      <testcase name="Site URI with `index.php` in URI is not cacheable" class="Users\ben\Sites\plugins\craftv4\craftblitz\tests\pest\Feature\CacheRequestTest" classname="Users.ben.Sites.plugins.craftv4.craftblitz.tests.pest.Feature.CacheRequestTest" file="/Users/ben/Sites/plugins/craft_v4/craft-blitz/tests/pest/Feature/CacheRequestTest.php" assertions="1" time="0.002874"/>
      <testcase name="Site URI with max URI length is cacheable" class="Users\ben\Sites\plugins\craftv4\craftblitz\tests\pest\Feature\CacheRequestTest" classname="Users.ben.Sites.plugins.craftv4.craftblitz.tests.pest.Feature.CacheRequestTest" file="/Users/ben/Sites/plugins/craft_v4/craft-blitz/tests/pest/Feature/CacheRequestTest.php" assertions="1" time="0.003278"/>
      <testcase name="Site URI with max URI length exceeded is not cacheable" class="Users\ben\Sites\plugins\craftv4\craftblitz\tests\pest\Feature\CacheRequestTest" classname="Users.ben.Sites.plugins.craftv4.craftblitz.tests.pest.Feature.CacheRequestTest" file="/Users/ben/Sites/plugins/craft_v4/craft-blitz/tests/pest/Feature/CacheRequestTest.php" assertions="1" time="0.003146"/>
      <testcase name="URI patterns with matching regular expressions are matched" class="Users\ben\Sites\plugins\craftv4\craftblitz\tests\pest\Feature\CacheRequestTest" classname="Users.ben.Sites.plugins.craftv4.craftblitz.tests.pest.Feature.CacheRequestTest" file="/Users/ben/Sites/plugins/craft_v4/craft-blitz/tests/pest/Feature/CacheRequestTest.php" assertions="3" time="0.002794"/>
      <testcase name="URI patterns without matching regular expressions are not matched" class="Users\ben\Sites\plugins\craftv4\craftblitz\tests\pest\Feature\CacheRequestTest" classname="Users.ben.Sites.plugins.craftv4.craftblitz.tests.pest.Feature.CacheRequestTest" file="/Users/ben/Sites/plugins/craft_v4/craft-blitz/tests/pest/Feature/CacheRequestTest.php" assertions="1" time="0.002533"/>
    </testsuite>
    <testsuite name="P\Users\ben\Sites\plugins\craftv4\craftblitz\tests\pest\Feature\CacheStorageTest" file="/Users/ben/Sites/plugins/craft_v4/craft-blitz/tests/pest/Feature/CacheStorageTest.php" tests="21" assertions="24" errors="0" warnings="0" failures="0" skipped="0" time="0.101283">
      <testcase name="255 character site URI can be saved with data set &quot;FileStorage&quot;" class="Users\ben\Sites\plugins\craftv4\craftblitz\tests\pest\Feature\CacheStorageTest" classname="Users.ben.Sites.plugins.craftv4.craftblitz.tests.pest.Feature.CacheStorageTest" file="/Users/ben/Sites/plugins/craft_v4/craft-blitz/tests/pest/Feature/CacheStorageTest.php" assertions="1" time="0.006307"/>
      <testcase name="255 character site URI can be saved with data set &quot;YiiCacheStorage&quot;" class="Users\ben\Sites\plugins\craftv4\craftblitz\tests\pest\Feature\CacheStorageTest" classname="Users.ben.Sites.plugins.craftv4.craftblitz.tests.pest.Feature.CacheStorageTest" file="/Users/ben/Sites/plugins/craft_v4/craft-blitz/tests/pest/Feature/CacheStorageTest.php" assertions="1" time="0.005564"/>
      <testcase name="255 character site URI can be saved with data set &quot;RedisStorage&quot;" class="Users\ben\Sites\plugins\craftv4\craftblitz\tests\pest\Feature\CacheStorageTest" classname="Users.ben.Sites.plugins.craftv4.craftblitz.tests.pest.Feature.CacheStorageTest" file="/Users/ben/Sites/plugins/craft_v4/craft-blitz/tests/pest/Feature/CacheStorageTest.php" assertions="1" time="0.004289"/>
      <testcase name="Long site URI can be saved except for by file storage driver with data set &quot;FileStorage&quot;" class="Users\ben\Sites\plugins\craftv4\craftblitz\tests\pest\Feature\CacheStorageTest" classname="Users.ben.Sites.plugins.craftv4.craftblitz.tests.pest.Feature.CacheStorageTest" file="/Users/ben/Sites/plugins/craft_v4/craft-blitz/tests/pest/Feature/CacheStorageTest.php" assertions="1" time="0.005824"/>
      <testcase name="Long site URI can be saved except for by file storage driver with data set &quot;YiiCacheStorage&quot;" class="Users\ben\Sites\plugins\craftv4\craftblitz\tests\pest\Feature\CacheStorageTest" classname="Users.ben.Sites.plugins.craftv4.craftblitz.tests.pest.Feature.CacheStorageTest" file="/Users/ben/Sites/plugins/craft_v4/craft-blitz/tests/pest/Feature/CacheStorageTest.php" assertions="1" time="0.006087"/>
      <testcase name="Long site URI can be saved except for by file storage driver with data set &quot;RedisStorage&quot;" class="Users\ben\Sites\plugins\craftv4\craftblitz\tests\pest\Feature\CacheStorageTest" classname="Users.ben.Sites.plugins.craftv4.craftblitz.tests.pest.Feature.CacheStorageTest" file="/Users/ben/Sites/plugins/craft_v4/craft-blitz/tests/pest/Feature/CacheStorageTest.php" assertions="1" time="0.004612"/>
      <testcase name="Site URI is decoded before being saved with data set &quot;FileStorage&quot;" class="Users\ben\Sites\plugins\craftv4\craftblitz\tests\pest\Feature\CacheStorageTest" classname="Users.ben.Sites.plugins.craftv4.craftblitz.tests.pest.Feature.CacheStorageTest" file="/Users/ben/Sites/plugins/craft_v4/craft-blitz/tests/pest/Feature/CacheStorageTest.php" assertions="1" time="0.006280"/>
      <testcase name="Site URI is decoded before being saved with data set &quot;YiiCacheStorage&quot;" class="Users\ben\Sites\plugins\craftv4\craftblitz\tests\pest\Feature\CacheStorageTest" classname="Users.ben.Sites.plugins.craftv4.craftblitz.tests.pest.Feature.CacheStorageTest" file="/Users/ben/Sites/plugins/craft_v4/craft-blitz/tests/pest/Feature/CacheStorageTest.php" assertions="1" time="0.002831"/>
      <testcase name="Site URI is decoded before being saved with data set &quot;RedisStorage&quot;" class="Users\ben\Sites\plugins\craftv4\craftblitz\tests\pest\Feature\CacheStorageTest" classname="Users.ben.Sites.plugins.craftv4.craftblitz.tests.pest.Feature.CacheStorageTest" file="/Users/ben/Sites/plugins/craft_v4/craft-blitz/tests/pest/Feature/CacheStorageTest.php" assertions="1" time="0.003244"/>
      <testcase name="Compressed cached value can be fetched compressed and uncompressed with data set &quot;FileStorage&quot;" class="Users\ben\Sites\plugins\craftv4\craftblitz\tests\pest\Feature\CacheStorageTest" classname="Users.ben.Sites.plugins.craftv4.craftblitz.tests.pest.Feature.CacheStorageTest" file="/Users/ben/Sites/plugins/craft_v4/craft-blitz/tests/pest/Feature/CacheStorageTest.php" assertions="2" time="0.008595"/>
      <testcase name="Compressed cached value can be fetched compressed and uncompressed with data set &quot;YiiCacheStorage&quot;" class="Users\ben\Sites\plugins\craftv4\craftblitz\tests\pest\Feature\CacheStorageTest" classname="Users.ben.Sites.plugins.craftv4.craftblitz.tests.pest.Feature.CacheStorageTest" file="/Users/ben/Sites/plugins/craft_v4/craft-blitz/tests/pest/Feature/CacheStorageTest.php" assertions="2" time="0.003099"/>
      <testcase name="Compressed cached value can be fetched compressed and uncompressed with data set &quot;RedisStorage&quot;" class="Users\ben\Sites\plugins\craftv4\craftblitz\tests\pest\Feature\CacheStorageTest" classname="Users.ben.Sites.plugins.craftv4.craftblitz.tests.pest.Feature.CacheStorageTest" file="/Users/ben/Sites/plugins/craft_v4/craft-blitz/tests/pest/Feature/CacheStorageTest.php" assertions="2" time="0.003456"/>
      <testcase name="Cached value of site URI can be deleted with data set &quot;FileStorage&quot;" class="Users\ben\Sites\plugins\craftv4\craftblitz\tests\pest\Feature\CacheStorageTest" classname="Users.ben.Sites.plugins.craftv4.craftblitz.tests.pest.Feature.CacheStorageTest" file="/Users/ben/Sites/plugins/craft_v4/craft-blitz/tests/pest/Feature/CacheStorageTest.php" assertions="1" time="0.006573"/>
      <testcase name="Cached value of site URI can be deleted with data set &quot;YiiCacheStorage&quot;" class="Users\ben\Sites\plugins\craftv4\craftblitz\tests\pest\Feature\CacheStorageTest" classname="Users.ben.Sites.plugins.craftv4.craftblitz.tests.pest.Feature.CacheStorageTest" file="/Users/ben/Sites/plugins/craft_v4/craft-blitz/tests/pest/Feature/CacheStorageTest.php" assertions="1" time="0.003024"/>
      <testcase name="Cached value of site URI can be deleted with data set &quot;RedisStorage&quot;" class="Users\ben\Sites\plugins\craftv4\craftblitz\tests\pest\Feature\CacheStorageTest" classname="Users.ben.Sites.plugins.craftv4.craftblitz.tests.pest.Feature.CacheStorageTest" file="/Users/ben/Sites/plugins/craft_v4/craft-blitz/tests/pest/Feature/CacheStorageTest.php" assertions="1" time="0.003469"/>
      <testcase name="Cached value of decoded site URI can be deleted with data set &quot;FileStorage&quot;" class="Users\ben\Sites\plugins\craftv4\craftblitz\tests\pest\Feature\CacheStorageTest" classname="Users.ben.Sites.plugins.craftv4.craftblitz.tests.pest.Feature.CacheStorageTest" file="/Users/ben/Sites/plugins/craft_v4/craft-blitz/tests/pest/Feature/CacheStorageTest.php" assertions="1" time="0.007743"/>
      <testcase name="Cached value of decoded site URI can be deleted with data set &quot;YiiCacheStorage&quot;" class="Users\ben\Sites\plugins\craftv4\craftblitz\tests\pest\Feature\CacheStorageTest" classname="Users.ben.Sites.plugins.craftv4.craftblitz.tests.pest.Feature.CacheStorageTest" file="/Users/ben/Sites/plugins/craft_v4/craft-blitz/tests/pest/Feature/CacheStorageTest.php" assertions="1" time="0.003351"/>
      <testcase name="Cached value of decoded site URI can be deleted with data set &quot;RedisStorage&quot;" class="Users\ben\Sites\plugins\craftv4\craftblitz\tests\pest\Feature\CacheStorageTest" classname="Users.ben.Sites.plugins.craftv4.craftblitz.tests.pest.Feature.CacheStorageTest" file="/Users/ben/Sites/plugins/craft_v4/craft-blitz/tests/pest/Feature/CacheStorageTest.php" assertions="1" time="0.003556"/>
      <testcase name="All cached values can be deleted with data set &quot;FileStorage&quot;" class="Users\ben\Sites\plugins\craftv4\craftblitz\tests\pest\Feature\CacheStorageTest" classname="Users.ben.Sites.plugins.craftv4.craftblitz.tests.pest.Feature.CacheStorageTest" file="/Users/ben/Sites/plugins/craft_v4/craft-blitz/tests/pest/Feature/CacheStorageTest.php" assertions="1" time="0.007052"/>
      <testcase name="All cached values can be deleted with data set &quot;YiiCacheStorage&quot;" class="Users\ben\Sites\plugins\craftv4\craftblitz\tests\pest\Feature\CacheStorageTest" classname="Users.ben.Sites.plugins.craftv4.craftblitz.tests.pest.Feature.CacheStorageTest" file="/Users/ben/Sites/plugins/craft_v4/craft-blitz/tests/pest/Feature/CacheStorageTest.php" assertions="1" time="0.002997"/>
      <testcase name="All cached values can be deleted with data set &quot;RedisStorage&quot;" class="Users\ben\Sites\plugins\craftv4\craftblitz\tests\pest\Feature\CacheStorageTest" classname="Users.ben.Sites.plugins.craftv4.craftblitz.tests.pest.Feature.CacheStorageTest" file="/Users/ben/Sites/plugins/craft_v4/craft-blitz/tests/pest/Feature/CacheStorageTest.php" assertions="1" time="0.003330"/>
    </testsuite>
    <testsuite name="P\Users\ben\Sites\plugins\craftv4\craftblitz\tests\pest\Feature\GenerateCacheTest" file="/Users/ben/Sites/plugins/craft_v4/craft-blitz/tests/pest/Feature/GenerateCacheTest.php" tests="28" assertions="35" errors="0" warnings="0" failures="0" skipped="0" time="1.207100">
      <testcase name="Cached value is saved with output comments" class="Users\ben\Sites\plugins\craftv4\craftblitz\tests\pest\Feature\GenerateCacheTest" classname="Users.ben.Sites.plugins.craftv4.craftblitz.tests.pest.Feature.GenerateCacheTest" file="/Users/ben/Sites/plugins/craft_v4/craft-blitz/tests/pest/Feature/GenerateCacheTest.php" assertions="2" time="0.047611"/>
      <testcase name="Cached value is saved without output comments" class="Users\ben\Sites\plugins\craftv4\craftblitz\tests\pest\Feature\GenerateCacheTest" classname="Users.ben.Sites.plugins.craftv4.craftblitz.tests.pest.Feature.GenerateCacheTest" file="/Users/ben/Sites/plugins/craft_v4/craft-blitz/tests/pest/Feature/GenerateCacheTest.php" assertions="2" time="0.023363"/>
      <testcase name="Cached value is saved with output comments when file extension is `.html`" class="Users\ben\Sites\plugins\craftv4\craftblitz\tests\pest\Feature\GenerateCacheTest" classname="Users.ben.Sites.plugins.craftv4.craftblitz.tests.pest.Feature.GenerateCacheTest" file="/Users/ben/Sites/plugins/craft_v4/craft-blitz/tests/pest/Feature/GenerateCacheTest.php" assertions="1" time="0.020186"/>
      <testcase name="Cached value is saved without output comments when file extension is not `.html`" class="Users\ben\Sites\plugins\craftv4\craftblitz\tests\pest\Feature\GenerateCacheTest" classname="Users.ben.Sites.plugins.craftv4.craftblitz.tests.pest.Feature.GenerateCacheTest" file="/Users/ben/Sites/plugins/craft_v4/craft-blitz/tests/pest/Feature/GenerateCacheTest.php" assertions="1" time="0.020498"/>
      <testcase name="Cache record with max URI length is saved" class="Users\ben\Sites\plugins\craftv4\craftblitz\tests\pest\Feature\GenerateCacheTest" classname="Users.ben.Sites.plugins.craftv4.craftblitz.tests.pest.Feature.GenerateCacheTest" file="/Users/ben/Sites/plugins/craft_v4/craft-blitz/tests/pest/Feature/GenerateCacheTest.php" assertions="1" time="0.029360"/>
      <testcase name="Cache record with max URI length exceeded throws exception" class="Users\ben\Sites\plugins\craftv4\craftblitz\tests\pest\Feature\GenerateCacheTest" classname="Users.ben.Sites.plugins.craftv4.craftblitz.tests.pest.Feature.GenerateCacheTest" file="/Users/ben/Sites/plugins/craft_v4/craft-blitz/tests/pest/Feature/GenerateCacheTest.php" assertions="1" time="0.022867"/>
      <testcase name="Element cache record is saved without custom fields" class="Users\ben\Sites\plugins\craftv4\craftblitz\tests\pest\Feature\GenerateCacheTest" classname="Users.ben.Sites.plugins.craftv4.craftblitz.tests.pest.Feature.GenerateCacheTest" file="/Users/ben/Sites/plugins/craft_v4/craft-blitz/tests/pest/Feature/GenerateCacheTest.php" assertions="2" time="0.108495"/>
      <testcase name="Element cache record is saved with custom fields" class="Users\ben\Sites\plugins\craftv4\craftblitz\tests\pest\Feature\GenerateCacheTest" classname="Users.ben.Sites.plugins.craftv4.craftblitz.tests.pest.Feature.GenerateCacheTest" file="/Users/ben/Sites/plugins/craft_v4/craft-blitz/tests/pest/Feature/GenerateCacheTest.php" assertions="2" time="0.056002"/>
      <testcase name="Element cache record is saved with eager loaded custom fields" class="Users\ben\Sites\plugins\craftv4\craftblitz\tests\pest\Feature\GenerateCacheTest" classname="Users.ben.Sites.plugins.craftv4.craftblitz.tests.pest.Feature.GenerateCacheTest" file="/Users/ben/Sites/plugins/craft_v4/craft-blitz/tests/pest/Feature/GenerateCacheTest.php" assertions="2" time="0.074699"/>
      <testcase name="Element cache record is saved with eager loaded custom fields in variable" class="Users\ben\Sites\plugins\craftv4\craftblitz\tests\pest\Feature\GenerateCacheTest" classname="Users.ben.Sites.plugins.craftv4.craftblitz.tests.pest.Feature.GenerateCacheTest" file="/Users/ben/Sites/plugins/craft_v4/craft-blitz/tests/pest/Feature/GenerateCacheTest.php" assertions="2" time="0.101087"/>
      <testcase name="Element query records without specific identifiers are saved" class="Users\ben\Sites\plugins\craftv4\craftblitz\tests\pest\Feature\GenerateCacheTest" classname="Users.ben.Sites.plugins.craftv4.craftblitz.tests.pest.Feature.GenerateCacheTest" file="/Users/ben/Sites/plugins/craft_v4/craft-blitz/tests/pest/Feature/GenerateCacheTest.php" assertions="1" time="0.051414"/>
      <testcase name="Element query records with specific identifiers are not saved" class="Users\ben\Sites\plugins\craftv4\craftblitz\tests\pest\Feature\GenerateCacheTest" classname="Users.ben.Sites.plugins.craftv4.craftblitz.tests.pest.Feature.GenerateCacheTest" file="/Users/ben/Sites/plugins/craft_v4/craft-blitz/tests/pest/Feature/GenerateCacheTest.php" assertions="1" time="0.029049"/>
      <testcase name="Element query record with join is saved" class="Users\ben\Sites\plugins\craftv4\craftblitz\tests\pest\Feature\GenerateCacheTest" classname="Users.ben.Sites.plugins.craftv4.craftblitz.tests.pest.Feature.GenerateCacheTest" file="/Users/ben/Sites/plugins/craft_v4/craft-blitz/tests/pest/Feature/GenerateCacheTest.php" assertions="1" time="0.026915"/>
      <testcase name="Element query record with relation field is not saved" class="Users\ben\Sites\plugins\craftv4\craftblitz\tests\pest\Feature\GenerateCacheTest" classname="Users.ben.Sites.plugins.craftv4.craftblitz.tests.pest.Feature.GenerateCacheTest" file="/Users/ben/Sites/plugins/craft_v4/craft-blitz/tests/pest/Feature/GenerateCacheTest.php" assertions="1" time="0.079299"/>
      <testcase name="Element query record with related to param is saved" class="Users\ben\Sites\plugins\craftv4\craftblitz\tests\pest\Feature\GenerateCacheTest" classname="Users.ben.Sites.plugins.craftv4.craftblitz.tests.pest.Feature.GenerateCacheTest" file="/Users/ben/Sites/plugins/craft_v4/craft-blitz/tests/pest/Feature/GenerateCacheTest.php" assertions="1" time="0.034420"/>
      <testcase name="Element query record with expression is not saved" class="Users\ben\Sites\plugins\craftv4\craftblitz\tests\pest\Feature\GenerateCacheTest" classname="Users.ben.Sites.plugins.craftv4.craftblitz.tests.pest.Feature.GenerateCacheTest" file="/Users/ben/Sites/plugins/craft_v4/craft-blitz/tests/pest/Feature/GenerateCacheTest.php" assertions="1" time="0.028556"/>
      <testcase name="Element query cache records are saved" class="Users\ben\Sites\plugins\craftv4\craftblitz\tests\pest\Feature\GenerateCacheTest" classname="Users.ben.Sites.plugins.craftv4.craftblitz.tests.pest.Feature.GenerateCacheTest" file="/Users/ben/Sites/plugins/craft_v4/craft-blitz/tests/pest/Feature/GenerateCacheTest.php" assertions="1" time="0.032708"/>
      <testcase name="Element query source records with specific source identifiers are saved" class="Users\ben\Sites\plugins\craftv4\craftblitz\tests\pest\Feature\GenerateCacheTest" classname="Users.ben.Sites.plugins.craftv4.craftblitz.tests.pest.Feature.GenerateCacheTest" file="/Users/ben/Sites/plugins/craft_v4/craft-blitz/tests/pest/Feature/GenerateCacheTest.php" assertions="2" time="0.057027"/>
      <testcase name="Element query source records without specific source identifiers are not saved" class="Users\ben\Sites\plugins\craftv4\craftblitz\tests\pest\Feature\GenerateCacheTest" classname="Users.ben.Sites.plugins.craftv4.craftblitz.tests.pest.Feature.GenerateCacheTest" file="/Users/ben/Sites/plugins/craft_v4/craft-blitz/tests/pest/Feature/GenerateCacheTest.php" assertions="1" time="0.044660"/>
      <testcase name="Element query attribute records are saved" class="Users\ben\Sites\plugins\craftv4\craftblitz\tests\pest\Feature\GenerateCacheTest" classname="Users.ben.Sites.plugins.craftv4.craftblitz.tests.pest.Feature.GenerateCacheTest" file="/Users/ben/Sites/plugins/craft_v4/craft-blitz/tests/pest/Feature/GenerateCacheTest.php" assertions="1" time="0.035057"/>
      <testcase name="Element query attribute records are saved with order by" class="Users\ben\Sites\plugins\craftv4\craftblitz\tests\pest\Feature\GenerateCacheTest" classname="Users.ben.Sites.plugins.craftv4.craftblitz.tests.pest.Feature.GenerateCacheTest" file="/Users/ben/Sites/plugins/craft_v4/craft-blitz/tests/pest/Feature/GenerateCacheTest.php" assertions="1" time="0.031177"/>
      <testcase name="Element query attribute records are saved with order by parts array" class="Users\ben\Sites\plugins\craftv4\craftblitz\tests\pest\Feature\GenerateCacheTest" classname="Users.ben.Sites.plugins.craftv4.craftblitz.tests.pest.Feature.GenerateCacheTest" file="/Users/ben/Sites/plugins/craft_v4/craft-blitz/tests/pest/Feature/GenerateCacheTest.php" assertions="1" time="0.057458"/>
      <testcase name="Element query attribute records are saved with before" class="Users\ben\Sites\plugins\craftv4\craftblitz\tests\pest\Feature\GenerateCacheTest" classname="Users.ben.Sites.plugins.craftv4.craftblitz.tests.pest.Feature.GenerateCacheTest" file="/Users/ben/Sites/plugins/craft_v4/craft-blitz/tests/pest/Feature/GenerateCacheTest.php" assertions="1" time="0.032437"/>
      <testcase name="Element query field records are saved with order by" class="Users\ben\Sites\plugins\craftv4\craftblitz\tests\pest\Feature\GenerateCacheTest" classname="Users.ben.Sites.plugins.craftv4.craftblitz.tests.pest.Feature.GenerateCacheTest" file="/Users/ben/Sites/plugins/craft_v4/craft-blitz/tests/pest/Feature/GenerateCacheTest.php" assertions="1" time="0.031313"/>
      <testcase name="Element query field records are saved with order by array" class="Users\ben\Sites\plugins\craftv4\craftblitz\tests\pest\Feature\GenerateCacheTest" classname="Users.ben.Sites.plugins.craftv4.craftblitz.tests.pest.Feature.GenerateCacheTest" file="/Users/ben/Sites/plugins/craft_v4/craft-blitz/tests/pest/Feature/GenerateCacheTest.php" assertions="1" time="0.031531"/>
      <testcase name="Cache tags are saved" class="Users\ben\Sites\plugins\craftv4\craftblitz\tests\pest\Feature\GenerateCacheTest" classname="Users.ben.Sites.plugins.craftv4.craftblitz.tests.pest.Feature.GenerateCacheTest" file="/Users/ben/Sites/plugins/craft_v4/craft-blitz/tests/pest/Feature/GenerateCacheTest.php" assertions="1" time="0.037025"/>
      <testcase name="Include record is saved" class="Users\ben\Sites\plugins\craftv4\craftblitz\tests\pest\Feature\GenerateCacheTest" classname="Users.ben.Sites.plugins.craftv4.craftblitz.tests.pest.Feature.GenerateCacheTest" file="/Users/ben/Sites/plugins/craft_v4/craft-blitz/tests/pest/Feature/GenerateCacheTest.php" assertions="1" time="0.032644"/>
      <testcase name="SSI include cache record is saved" class="Users\ben\Sites\plugins\craftv4\craftblitz\tests\pest\Feature\GenerateCacheTest" classname="Users.ben.Sites.plugins.craftv4.craftblitz.tests.pest.Feature.GenerateCacheTest" file="/Users/ben/Sites/plugins/craft_v4/craft-blitz/tests/pest/Feature/GenerateCacheTest.php" assertions="1" time="0.030242"/>
    </testsuite>
    <testsuite name="P\Users\ben\Sites\plugins\craftv4\craftblitz\tests\pest\Feature\RefreshCacheTest" file="/Users/ben/Sites/plugins/craft_v4/craft-blitz/tests/pest/Feature/RefreshCacheTest.php" tests="27" assertions="90" errors="0" warnings="0" failures="0" skipped="0" time="1.883416">
      <testcase name="Element is not tracked when it is unchanged" class="Users\ben\Sites\plugins\craftv4\craftblitz\tests\pest\Feature\RefreshCacheTest" classname="Users.ben.Sites.plugins.craftv4.craftblitz.tests.pest.Feature.RefreshCacheTest" file="/Users/ben/Sites/plugins/craft_v4/craft-blitz/tests/pest/Feature/RefreshCacheTest.php" assertions="1" time="0.048497"/>
      <testcase name="Element is tracked when `refreshCacheWhenElementSavedUnchanged` is `true` and it is unchanged" class="Users\ben\Sites\plugins\craftv4\craftblitz\tests\pest\Feature\RefreshCacheTest" classname="Users.ben.Sites.plugins.craftv4.craftblitz.tests.pest.Feature.RefreshCacheTest" file="/Users/ben/Sites/plugins/craft_v4/craft-blitz/tests/pest/Feature/RefreshCacheTest.php" assertions="6" time="0.050581"/>
      <testcase name="Element is not tracked when disabled and its attribute is changed" class="Users\ben\Sites\plugins\craftv4\craftblitz\tests\pest\Feature\RefreshCacheTest" classname="Users.ben.Sites.plugins.craftv4.craftblitz.tests.pest.Feature.RefreshCacheTest" file="/Users/ben/Sites/plugins/craft_v4/craft-blitz/tests/pest/Feature/RefreshCacheTest.php" assertions="1" time="0.046040"/>
      <testcase name="Element is tracked when disabled and `refreshCacheWhenElementSavedNotLive` is `true` and its attribute is changed" class="Users\ben\Sites\plugins\craftv4\craftblitz\tests\pest\Feature\RefreshCacheTest" classname="Users.ben.Sites.plugins.craftv4.craftblitz.tests.pest.Feature.RefreshCacheTest" file="/Users/ben/Sites/plugins/craft_v4/craft-blitz/tests/pest/Feature/RefreshCacheTest.php" assertions="6" time="0.058783"/>
      <testcase name="Element is tracked when its status is changed" class="Users\ben\Sites\plugins\craftv4\craftblitz\tests\pest\Feature\RefreshCacheTest" classname="Users.ben.Sites.plugins.craftv4.craftblitz.tests.pest.Feature.RefreshCacheTest" file="/Users/ben/Sites/plugins/craft_v4/craft-blitz/tests/pest/Feature/RefreshCacheTest.php" assertions="6" time="0.050790"/>
      <testcase name="Element is tracked when it expires" class="Users\ben\Sites\plugins\craftv4\craftblitz\tests\pest\Feature\RefreshCacheTest" classname="Users.ben.Sites.plugins.craftv4.craftblitz.tests.pest.Feature.RefreshCacheTest" file="/Users/ben/Sites/plugins/craft_v4/craft-blitz/tests/pest/Feature/RefreshCacheTest.php" assertions="6" time="0.052180"/>
      <testcase name="Element is tracked when it is deleted" class="Users\ben\Sites\plugins\craftv4\craftblitz\tests\pest\Feature\RefreshCacheTest" classname="Users.ben.Sites.plugins.craftv4.craftblitz.tests.pest.Feature.RefreshCacheTest" file="/Users/ben/Sites/plugins/craft_v4/craft-blitz/tests/pest/Feature/RefreshCacheTest.php" assertions="6" time="0.063930"/>
      <testcase name="Element is tracked when its attribute is changed" class="Users\ben\Sites\plugins\craftv4\craftblitz\tests\pest\Feature\RefreshCacheTest" classname="Users.ben.Sites.plugins.craftv4.craftblitz.tests.pest.Feature.RefreshCacheTest" file="/Users/ben/Sites/plugins/craft_v4/craft-blitz/tests/pest/Feature/RefreshCacheTest.php" assertions="6" time="0.054706"/>
      <testcase name="Element is tracked when its field is changed" class="Users\ben\Sites\plugins\craftv4\craftblitz\tests\pest\Feature\RefreshCacheTest" classname="Users.ben.Sites.plugins.craftv4.craftblitz.tests.pest.Feature.RefreshCacheTest" file="/Users/ben/Sites/plugins/craft_v4/craft-blitz/tests/pest/Feature/RefreshCacheTest.php" assertions="6" time="0.050602"/>
      <testcase name="Element is tracked when its attribute and field are changed" class="Users\ben\Sites\plugins\craftv4\craftblitz\tests\pest\Feature\RefreshCacheTest" classname="Users.ben.Sites.plugins.craftv4.craftblitz.tests.pest.Feature.RefreshCacheTest" file="/Users/ben/Sites/plugins/craft_v4/craft-blitz/tests/pest/Feature/RefreshCacheTest.php" assertions="6" time="0.066019"/>
      <testcase name="Element is tracked when its status and attribute and field are changed" class="Users\ben\Sites\plugins\craftv4\craftblitz\tests\pest\Feature\RefreshCacheTest" classname="Users.ben.Sites.plugins.craftv4.craftblitz.tests.pest.Feature.RefreshCacheTest" file="/Users/ben/Sites/plugins/craft_v4/craft-blitz/tests/pest/Feature/RefreshCacheTest.php" assertions="6" time="0.064273"/>
      <testcase name="Asset is tracked when its file is replaced" class="Users\ben\Sites\plugins\craftv4\craftblitz\tests\pest\Feature\RefreshCacheTest" classname="Users.ben.Sites.plugins.craftv4.craftblitz.tests.pest.Feature.RefreshCacheTest" file="/Users/ben/Sites/plugins/craft_v4/craft-blitz/tests/pest/Feature/RefreshCacheTest.php" assertions="7" time="0.128868"/>
      <testcase name="Asset is tracked when its filename is changed" class="Users\ben\Sites\plugins\craftv4\craftblitz\tests\pest\Feature\RefreshCacheTest" classname="Users.ben.Sites.plugins.craftv4.craftblitz.tests.pest.Feature.RefreshCacheTest" file="/Users/ben/Sites/plugins/craft_v4/craft-blitz/tests/pest/Feature/RefreshCacheTest.php" assertions="7" time="0.062209"/>
      <testcase name="Asset is tracked when its focal point is changed" class="Users\ben\Sites\plugins\craftv4\craftblitz\tests\pest\Feature\RefreshCacheTest" classname="Users.ben.Sites.plugins.craftv4.craftblitz.tests.pest.Feature.RefreshCacheTest" file="/Users/ben/Sites/plugins/craft_v4/craft-blitz/tests/pest/Feature/RefreshCacheTest.php" assertions="7" time="0.065211"/>
      <testcase name="Element expiry date record is saved when an entry has a future post date" class="Users\ben\Sites\plugins\craftv4\craftblitz\tests\pest\Feature\RefreshCacheTest" classname="Users.ben.Sites.plugins.craftv4.craftblitz.tests.pest.Feature.RefreshCacheTest" file="/Users/ben/Sites/plugins/craft_v4/craft-blitz/tests/pest/Feature/RefreshCacheTest.php" assertions="1" time="0.064486"/>
      <testcase name="Element expiry date record is saved when an entry has a future expiry date" class="Users\ben\Sites\plugins\craftv4\craftblitz\tests\pest\Feature\RefreshCacheTest" classname="Users.ben.Sites.plugins.craftv4.craftblitz.tests.pest.Feature.RefreshCacheTest" file="/Users/ben/Sites/plugins/craft_v4/craft-blitz/tests/pest/Feature/RefreshCacheTest.php" assertions="1" time="0.066634"/>
      <testcase name="Element cache IDs are returned when an entry is changed" class="Users\ben\Sites\plugins\craftv4\craftblitz\tests\pest\Feature\RefreshCacheTest" classname="Users.ben.Sites.plugins.craftv4.craftblitz.tests.pest.Feature.RefreshCacheTest" file="/Users/ben/Sites/plugins/craft_v4/craft-blitz/tests/pest/Feature/RefreshCacheTest.php" assertions="1" time="0.078075"/>
      <testcase name="Element cache IDs are returned when an entry is changed by attributes" class="Users\ben\Sites\plugins\craftv4\craftblitz\tests\pest\Feature\RefreshCacheTest" classname="Users.ben.Sites.plugins.craftv4.craftblitz.tests.pest.Feature.RefreshCacheTest" file="/Users/ben/Sites/plugins/craft_v4/craft-blitz/tests/pest/Feature/RefreshCacheTest.php" assertions="1" time="0.064157"/>
      <testcase name="Element cache IDs are not returned when an entry is changed by custom fields" class="Users\ben\Sites\plugins\craftv4\craftblitz\tests\pest\Feature\RefreshCacheTest" classname="Users.ben.Sites.plugins.craftv4.craftblitz.tests.pest.Feature.RefreshCacheTest" file="/Users/ben/Sites/plugins/craft_v4/craft-blitz/tests/pest/Feature/RefreshCacheTest.php" assertions="1" time="0.064743"/>
      <testcase name="Element query cache IDs are returned when a disabled entry is changed" class="Users\ben\Sites\plugins\craftv4\craftblitz\tests\pest\Feature\RefreshCacheTest" classname="Users.ben.Sites.plugins.craftv4.craftblitz.tests.pest.Feature.RefreshCacheTest" file="/Users/ben/Sites/plugins/craft_v4/craft-blitz/tests/pest/Feature/RefreshCacheTest.php" assertions="1" time="0.115609"/>
      <testcase name="Element query type records are returned when an entry is changed" class="Users\ben\Sites\plugins\craftv4\craftblitz\tests\pest\Feature\RefreshCacheTest" classname="Users.ben.Sites.plugins.craftv4.craftblitz.tests.pest.Feature.RefreshCacheTest" file="/Users/ben/Sites/plugins/craft_v4/craft-blitz/tests/pest/Feature/RefreshCacheTest.php" assertions="1" time="0.101757"/>
      <testcase name="Element query type records without a cache ID are not returned when an entry is changed" class="Users\ben\Sites\plugins\craftv4\craftblitz\tests\pest\Feature\RefreshCacheTest" classname="Users.ben.Sites.plugins.craftv4.craftblitz.tests.pest.Feature.RefreshCacheTest" file="/Users/ben/Sites/plugins/craft_v4/craft-blitz/tests/pest/Feature/RefreshCacheTest.php" assertions="1" time="0.068969"/>
      <testcase name="Element query type records are returned when an entry is changed by attributes used in the query" class="Users\ben\Sites\plugins\craftv4\craftblitz\tests\pest\Feature\RefreshCacheTest" classname="Users.ben.Sites.plugins.craftv4.craftblitz.tests.pest.Feature.RefreshCacheTest" file="/Users/ben/Sites/plugins/craft_v4/craft-blitz/tests/pest/Feature/RefreshCacheTest.php" assertions="1" time="0.070736"/>
      <testcase name="Element query type records are not returned when an entry is changed by attributes not used in the query" class="Users\ben\Sites\plugins\craftv4\craftblitz\tests\pest\Feature\RefreshCacheTest" classname="Users.ben.Sites.plugins.craftv4.craftblitz.tests.pest.Feature.RefreshCacheTest" file="/Users/ben/Sites/plugins/craft_v4/craft-blitz/tests/pest/Feature/RefreshCacheTest.php" assertions="1" time="0.074589"/>
      <testcase name="Element query type records are returned when an entry is changed by custom fields used in the query" class="Users\ben\Sites\plugins\craftv4\craftblitz\tests\pest\Feature\RefreshCacheTest" classname="Users.ben.Sites.plugins.craftv4.craftblitz.tests.pest.Feature.RefreshCacheTest" file="/Users/ben/Sites/plugins/craft_v4/craft-blitz/tests/pest/Feature/RefreshCacheTest.php" assertions="1" time="0.075771"/>
      <testcase name="Element query type records are not returned when an entry is changed by custom fields not used in the query" class="Users\ben\Sites\plugins\craftv4\craftblitz\tests\pest\Feature\RefreshCacheTest" classname="Users.ben.Sites.plugins.craftv4.craftblitz.tests.pest.Feature.RefreshCacheTest" file="/Users/ben/Sites/plugins/craft_v4/craft-blitz/tests/pest/Feature/RefreshCacheTest.php" assertions="1" time="0.076043"/>
      <testcase name="Element query type records are returned when an entry is changed with the date updated used in the query" class="Users\ben\Sites\plugins\craftv4\craftblitz\tests\pest\Feature\RefreshCacheTest" classname="Users.ben.Sites.plugins.craftv4.craftblitz.tests.pest.Feature.RefreshCacheTest" file="/Users/ben/Sites/plugins/craft_v4/craft-blitz/tests/pest/Feature/RefreshCacheTest.php" assertions="1" time="0.099156"/>
    </testsuite>
    <testsuite name="P\Users\ben\Sites\plugins\craftv4\craftblitz\tests\pest\Feature\SiteUriTest" file="/Users/ben/Sites/plugins/craft_v4/craft-blitz/tests/pest/Feature/SiteUriTest.php" tests="5" assertions="11" errors="0" warnings="0" failures="0" skipped="0" time="0.201978">
      <testcase name="Site URIs are returned from assets with transforms" class="Users\ben\Sites\plugins\craftv4\craftblitz\tests\pest\Feature\SiteUriTest" classname="Users.ben.Sites.plugins.craftv4.craftblitz.tests.pest.Feature.SiteUriTest" file="/Users/ben/Sites/plugins/craft_v4/craft-blitz/tests/pest/Feature/SiteUriTest.php" assertions="3" time="0.078952"/>
      <testcase name="HTML mime type is returned when site URI is HTML" class="Users\ben\Sites\plugins\craftv4\craftblitz\tests\pest\Feature\SiteUriTest" classname="Users.ben.Sites.plugins.craftv4.craftblitz.tests.pest.Feature.SiteUriTest" file="/Users/ben/Sites/plugins/craft_v4/craft-blitz/tests/pest/Feature/SiteUriTest.php" assertions="1" time="0.031407"/>
      <testcase name="JSON mime type is returned when site URI is JSON" class="Users\ben\Sites\plugins\craftv4\craftblitz\tests\pest\Feature\SiteUriTest" classname="Users.ben.Sites.plugins.craftv4.craftblitz.tests.pest.Feature.SiteUriTest" file="/Users/ben/Sites/plugins/craft_v4/craft-blitz/tests/pest/Feature/SiteUriTest.php" assertions="1" time="0.030629"/>
      <testcase name="Site URIs with page triggers are paginated" class="Users\ben\Sites\plugins\craftv4\craftblitz\tests\pest\Feature\SiteUriTest" classname="Users.ben.Sites.plugins.craftv4.craftblitz.tests.pest.Feature.SiteUriTest" file="/Users/ben/Sites/plugins/craft_v4/craft-blitz/tests/pest/Feature/SiteUriTest.php" assertions="3" time="0.030647"/>
      <testcase name="Site URIs without page triggers are not paginated" class="Users\ben\Sites\plugins\craftv4\craftblitz\tests\pest\Feature\SiteUriTest" classname="Users.ben.Sites.plugins.craftv4.craftblitz.tests.pest.Feature.SiteUriTest" file="/Users/ben/Sites/plugins/craft_v4/craft-blitz/tests/pest/Feature/SiteUriTest.php" assertions="3" time="0.030343"/>
    </testsuite>
    <testsuite name="P\Users\ben\Sites\plugins\craftv4\craftblitz\tests\pest\Integration\CommerceTest" file="/Users/ben/Sites/plugins/craft_v4/craft-blitz/tests/pest/Integration/CommerceTest.php" tests="1" assertions="3" errors="0" warnings="0" failures="0" skipped="0" time="0.113532">
      <testcase name="Variants are refreshed on order completion" class="Users\ben\Sites\plugins\craftv4\craftblitz\tests\pest\Integration\CommerceTest" classname="Users.ben.Sites.plugins.craftv4.craftblitz.tests.pest.Integration.CommerceTest" file="/Users/ben/Sites/plugins/craft_v4/craft-blitz/tests/pest/Integration/CommerceTest.php" assertions="3" time="0.113532"/>
    </testsuite>
    <testsuite name="P\Users\ben\Sites\plugins\craftv4\craftblitz\tests\pest\Integration\FeedMeTest" file="/Users/ben/Sites/plugins/craft_v4/craft-blitz/tests/pest/Integration/FeedMeTest.php" tests="1" assertions="2" errors="0" warnings="0" failures="0" skipped="0" time="0.032757">
      <testcase name="Cache is refreshed with batch mode enabled" class="Users\ben\Sites\plugins\craftv4\craftblitz\tests\pest\Integration\FeedMeTest" classname="Users.ben.Sites.plugins.craftv4.craftblitz.tests.pest.Integration.FeedMeTest" file="/Users/ben/Sites/plugins/craft_v4/craft-blitz/tests/pest/Integration/FeedMeTest.php" assertions="2" time="0.032757"/>
    </testsuite>
    <testsuite name="P\Users\ben\Sites\plugins\craftv4\craftblitz\tests\pest\Integration\SeomaticTest" file="/Users/ben/Sites/plugins/craft_v4/craft-blitz/tests/pest/Integration/SeomaticTest.php" tests="3" assertions="7" errors="0" warnings="0" failures="0" skipped="0" time="0.169150">
      <testcase name="Invalidate container caches event without a URL or source triggers a refresh all" class="Users\ben\Sites\plugins\craftv4\craftblitz\tests\pest\Integration\SeomaticTest" classname="Users.ben.Sites.plugins.craftv4.craftblitz.tests.pest.Integration.SeomaticTest" file="/Users/ben/Sites/plugins/craft_v4/craft-blitz/tests/pest/Integration/SeomaticTest.php" assertions="2" time="0.049424"/>
      <testcase name="Invalidate container caches event with a specific source triggers a refresh" class="Users\ben\Sites\plugins\craftv4\craftblitz\tests\pest\Integration\SeomaticTest" classname="Users.ben.Sites.plugins.craftv4.craftblitz.tests.pest.Integration.SeomaticTest" file="/Users/ben/Sites/plugins/craft_v4/craft-blitz/tests/pest/Integration/SeomaticTest.php" assertions="3" time="0.071448"/>
      <testcase name="Invalidate container caches event for a specific element does not trigger a refresh" class="Users\ben\Sites\plugins\craftv4\craftblitz\tests\pest\Integration\SeomaticTest" classname="Users.ben.Sites.plugins.craftv4.craftblitz.tests.pest.Integration.SeomaticTest" file="/Users/ben/Sites/plugins/craft_v4/craft-blitz/tests/pest/Integration/SeomaticTest.php" assertions="2" time="0.048278"/>
    </testsuite>
    <testsuite name="P\Users\ben\Sites\plugins\craftv4\craftblitz\tests\pest\Interface\WebResponseTest" file="/Users/ben/Sites/plugins/craft_v4/craft-blitz/tests/pest/Interface/WebResponseTest.php" tests="7" assertions="14" errors="0" warnings="0" failures="0" skipped="0" time="0.943271">
      <testcase name="Response adds `X-Powered-By` header once" class="Users\ben\Sites\plugins\craftv4\craftblitz\tests\pest\Interface\WebResponseTest" classname="Users.ben.Sites.plugins.craftv4.craftblitz.tests.pest.Interface.WebResponseTest" file="/Users/ben/Sites/plugins/craft_v4/craft-blitz/tests/pest/Interface/WebResponseTest.php" assertions="2" time="0.177145"/>
      <testcase name="Response overwrites `X-Powered-By` header" class="Users\ben\Sites\plugins\craftv4\craftblitz\tests\pest\Interface\WebResponseTest" classname="Users.ben.Sites.plugins.craftv4.craftblitz.tests.pest.Interface.WebResponseTest" file="/Users/ben/Sites/plugins/craft_v4/craft-blitz/tests/pest/Interface/WebResponseTest.php" assertions="2" time="0.167226"/>
      <testcase name="Response contains output comments when enabled" class="Users\ben\Sites\plugins\craftv4\craftblitz\tests\pest\Interface\WebResponseTest" classname="Users.ben.Sites.plugins.craftv4.craftblitz.tests.pest.Interface.WebResponseTest" file="/Users/ben/Sites/plugins/craft_v4/craft-blitz/tests/pest/Interface/WebResponseTest.php" assertions="2" time="0.234484"/>
      <testcase name="Response does not contain output comments when disabled" class="Users\ben\Sites\plugins\craftv4\craftblitz\tests\pest\Interface\WebResponseTest" classname="Users.ben.Sites.plugins.craftv4.craftblitz.tests.pest.Interface.WebResponseTest" file="/Users/ben/Sites/plugins/craft_v4/craft-blitz/tests/pest/Interface/WebResponseTest.php" assertions="2" time="0.237151"/>
      <testcase name="Response with mime type has headers and does not contain output comments" class="Users\ben\Sites\plugins\craftv4\craftblitz\tests\pest\Interface\WebResponseTest" classname="Users.ben.Sites.plugins.craftv4.craftblitz.tests.pest.Interface.WebResponseTest" file="/Users/ben/Sites/plugins/craft_v4/craft-blitz/tests/pest/Interface/WebResponseTest.php" assertions="2" time="0.042289"/>
      <testcase name="Response is encoded when compression is enabled" class="Users\ben\Sites\plugins\craftv4\craftblitz\tests\pest\Interface\WebResponseTest" classname="Users.ben.Sites.plugins.craftv4.craftblitz.tests.pest.Interface.WebResponseTest" file="/Users/ben/Sites/plugins/craft_v4/craft-blitz/tests/pest/Interface/WebResponseTest.php" assertions="2" time="0.042695"/>
      <testcase name="Response is not encoded when compression is disabled" class="Users\ben\Sites\plugins\craftv4\craftblitz\tests\pest\Interface\WebResponseTest" classname="Users.ben.Sites.plugins.craftv4.craftblitz.tests.pest.Interface.WebResponseTest" file="/Users/ben/Sites/plugins/craft_v4/craft-blitz/tests/pest/Interface/WebResponseTest.php" assertions="2" time="0.042283"/>
    </testsuite>
  </testsuite>
</testsuites>
