<?xml version="1.0" encoding="UTF-8"?>
<testsuites>
  <testsuite name="" tests="111" assertions="206" errors="0" warnings="0" failures="1" skipped="0" time="5.564446">
    <testsuite name="P\Users\ben\Sites\plugins\craftv4\craftblitz\tests\pest\Feature\CacheRequestTest" file="/Users/ben/Sites/plugins/craft_v4/craft-blitz/tests/pest/Feature/CacheRequestTest.php" tests="18" assertions="20" errors="0" warnings="0" failures="0" skipped="0" time="0.921995">
      <testcase name="Request matching included URI pattern is cacheable" class="Users\ben\Sites\plugins\craftv4\craftblitz\tests\pest\Feature\CacheRequestTest" classname="Users.ben.Sites.plugins.craftv4.craftblitz.tests.pest.Feature.CacheRequestTest" file="/Users/ben/Sites/plugins/craft_v4/craft-blitz/tests/pest/Feature/CacheRequestTest.php" assertions="1" time="0.780664"/>
      <testcase name="Request with generate token is cacheable" class="Users\ben\Sites\plugins\craftv4\craftblitz\tests\pest\Feature\CacheRequestTest" classname="Users.ben.Sites.plugins.craftv4.craftblitz.tests.pest.Feature.CacheRequestTest" file="/Users/ben/Sites/plugins/craft_v4/craft-blitz/tests/pest/Feature/CacheRequestTest.php" assertions="1" time="0.026824"/>
      <testcase name="Request with `no-cache` param is not cacheable" class="Users\ben\Sites\plugins\craftv4\craftblitz\tests\pest\Feature\CacheRequestTest" classname="Users.ben.Sites.plugins.craftv4.craftblitz.tests.pest.Feature.CacheRequestTest" file="/Users/ben/Sites/plugins/craft_v4/craft-blitz/tests/pest/Feature/CacheRequestTest.php" assertions="1" time="0.018280"/>
      <testcase name="Request with token is not cacheable" class="Users\ben\Sites\plugins\craftv4\craftblitz\tests\pest\Feature\CacheRequestTest" classname="Users.ben.Sites.plugins.craftv4.craftblitz.tests.pest.Feature.CacheRequestTest" file="/Users/ben/Sites/plugins/craft_v4/craft-blitz/tests/pest/Feature/CacheRequestTest.php" assertions="1" time="0.011668"/>
      <testcase name="Request with `_includes` path is a cached include" class="Users\ben\Sites\plugins\craftv4\craftblitz\tests\pest\Feature\CacheRequestTest" classname="Users.ben.Sites.plugins.craftv4.craftblitz.tests.pest.Feature.CacheRequestTest" file="/Users/ben/Sites/plugins/craft_v4/craft-blitz/tests/pest/Feature/CacheRequestTest.php" assertions="1" time="0.002558"/>
      <testcase name="Request with include action is a cached include" class="Users\ben\Sites\plugins\craftv4\craftblitz\tests\pest\Feature\CacheRequestTest" classname="Users.ben.Sites.plugins.craftv4.craftblitz.tests.pest.Feature.CacheRequestTest" file="/Users/ben/Sites/plugins/craft_v4/craft-blitz/tests/pest/Feature/CacheRequestTest.php" assertions="1" time="0.005649"/>
      <testcase name="Requested cacheable site URI includes allowed query strings when urls cached as unique pages" class="Users\ben\Sites\plugins\craftv4\craftblitz\tests\pest\Feature\CacheRequestTest" classname="Users.ben.Sites.plugins.craftv4.craftblitz.tests.pest.Feature.CacheRequestTest" file="/Users/ben/Sites/plugins/craft_v4/craft-blitz/tests/pest/Feature/CacheRequestTest.php" assertions="1" time="0.014736"/>
      <testcase name="Requested cacheable site URI does not include query strings when urls cached as same page" class="Users\ben\Sites\plugins\craftv4\craftblitz\tests\pest\Feature\CacheRequestTest" classname="Users.ben.Sites.plugins.craftv4.craftblitz.tests.pest.Feature.CacheRequestTest" file="/Users/ben/Sites/plugins/craft_v4/craft-blitz/tests/pest/Feature/CacheRequestTest.php" assertions="1" time="0.016310"/>
      <testcase name="Requested cacheable site URI includes page trigger" class="Users\ben\Sites\plugins\craftv4\craftblitz\tests\pest\Feature\CacheRequestTest" classname="Users.ben.Sites.plugins.craftv4.craftblitz.tests.pest.Feature.CacheRequestTest" file="/Users/ben/Sites/plugins/craft_v4/craft-blitz/tests/pest/Feature/CacheRequestTest.php" assertions="1" time="0.007327"/>
      <testcase name="Requested cacheable site URI works with regular expressions" class="Users\ben\Sites\plugins\craftv4\craftblitz\tests\pest\Feature\CacheRequestTest" classname="Users.ben.Sites.plugins.craftv4.craftblitz.tests.pest.Feature.CacheRequestTest" file="/Users/ben/Sites/plugins/craft_v4/craft-blitz/tests/pest/Feature/CacheRequestTest.php" assertions="1" time="0.014801"/>
      <testcase name="Site URI with included URI pattern is cacheable" class="Users\ben\Sites\plugins\craftv4\craftblitz\tests\pest\Feature\CacheRequestTest" classname="Users.ben.Sites.plugins.craftv4.craftblitz.tests.pest.Feature.CacheRequestTest" file="/Users/ben/Sites/plugins/craft_v4/craft-blitz/tests/pest/Feature/CacheRequestTest.php" assertions="1" time="0.003672"/>
      <testcase name="Site URI with excluded URI pattern is not cacheable" class="Users\ben\Sites\plugins\craftv4\craftblitz\tests\pest\Feature\CacheRequestTest" classname="Users.ben.Sites.plugins.craftv4.craftblitz.tests.pest.Feature.CacheRequestTest" file="/Users/ben/Sites/plugins/craft_v4/craft-blitz/tests/pest/Feature/CacheRequestTest.php" assertions="1" time="0.002766"/>
      <testcase name="Site URI with `admin` in URI is cacheable" class="Users\ben\Sites\plugins\craftv4\craftblitz\tests\pest\Feature\CacheRequestTest" classname="Users.ben.Sites.plugins.craftv4.craftblitz.tests.pest.Feature.CacheRequestTest" file="/Users/ben/Sites/plugins/craft_v4/craft-blitz/tests/pest/Feature/CacheRequestTest.php" assertions="1" time="0.002816"/>
      <testcase name="Site URI with `index.php` in URI is not cacheable" class="Users\ben\Sites\plugins\craftv4\craftblitz\tests\pest\Feature\CacheRequestTest" classname="Users.ben.Sites.plugins.craftv4.craftblitz.tests.pest.Feature.CacheRequestTest" file="/Users/ben/Sites/plugins/craft_v4/craft-blitz/tests/pest/Feature/CacheRequestTest.php" assertions="1" time="0.002848"/>
      <testcase name="Site URI with max URI length is cacheable" class="Users\ben\Sites\plugins\craftv4\craftblitz\tests\pest\Feature\CacheRequestTest" classname="Users.ben.Sites.plugins.craftv4.craftblitz.tests.pest.Feature.CacheRequestTest" file="/Users/ben/Sites/plugins/craft_v4/craft-blitz/tests/pest/Feature/CacheRequestTest.php" assertions="1" time="0.002654"/>
      <testcase name="Site URI with max URI length exceeded is not cacheable" class="Users\ben\Sites\plugins\craftv4\craftblitz\tests\pest\Feature\CacheRequestTest" classname="Users.ben.Sites.plugins.craftv4.craftblitz.tests.pest.Feature.CacheRequestTest" file="/Users/ben/Sites/plugins/craft_v4/craft-blitz/tests/pest/Feature/CacheRequestTest.php" assertions="1" time="0.003070"/>
      <testcase name="URI patterns with matching regular expressions are matched" class="Users\ben\Sites\plugins\craftv4\craftblitz\tests\pest\Feature\CacheRequestTest" classname="Users.ben.Sites.plugins.craftv4.craftblitz.tests.pest.Feature.CacheRequestTest" file="/Users/ben/Sites/plugins/craft_v4/craft-blitz/tests/pest/Feature/CacheRequestTest.php" assertions="3" time="0.002705"/>
      <testcase name="URI patterns without matching regular expressions are not matched" class="Users\ben\Sites\plugins\craftv4\craftblitz\tests\pest\Feature\CacheRequestTest" classname="Users.ben.Sites.plugins.craftv4.craftblitz.tests.pest.Feature.CacheRequestTest" file="/Users/ben/Sites/plugins/craft_v4/craft-blitz/tests/pest/Feature/CacheRequestTest.php" assertions="1" time="0.002644"/>
    </testsuite>
    <testsuite name="P\Users\ben\Sites\plugins\craftv4\craftblitz\tests\pest\Feature\CacheStorageTest" file="/Users/ben/Sites/plugins/craft_v4/craft-blitz/tests/pest/Feature/CacheStorageTest.php" tests="21" assertions="24" errors="0" warnings="0" failures="0" skipped="0" time="0.101157">
      <testcase name="255 character site URI can be saved with data set &quot;FileStorage&quot;" class="Users\ben\Sites\plugins\craftv4\craftblitz\tests\pest\Feature\CacheStorageTest" classname="Users.ben.Sites.plugins.craftv4.craftblitz.tests.pest.Feature.CacheStorageTest" file="/Users/ben/Sites/plugins/craft_v4/craft-blitz/tests/pest/Feature/CacheStorageTest.php" assertions="1" time="0.006728"/>
      <testcase name="255 character site URI can be saved with data set &quot;YiiCacheStorage&quot;" class="Users\ben\Sites\plugins\craftv4\craftblitz\tests\pest\Feature\CacheStorageTest" classname="Users.ben.Sites.plugins.craftv4.craftblitz.tests.pest.Feature.CacheStorageTest" file="/Users/ben/Sites/plugins/craft_v4/craft-blitz/tests/pest/Feature/CacheStorageTest.php" assertions="1" time="0.005732"/>
      <testcase name="255 character site URI can be saved with data set &quot;RedisStorage&quot;" class="Users\ben\Sites\plugins\craftv4\craftblitz\tests\pest\Feature\CacheStorageTest" classname="Users.ben.Sites.plugins.craftv4.craftblitz.tests.pest.Feature.CacheStorageTest" file="/Users/ben/Sites/plugins/craft_v4/craft-blitz/tests/pest/Feature/CacheStorageTest.php" assertions="1" time="0.003521"/>
      <testcase name="Long site URI can be saved except for by file storage driver with data set &quot;FileStorage&quot;" class="Users\ben\Sites\plugins\craftv4\craftblitz\tests\pest\Feature\CacheStorageTest" classname="Users.ben.Sites.plugins.craftv4.craftblitz.tests.pest.Feature.CacheStorageTest" file="/Users/ben/Sites/plugins/craft_v4/craft-blitz/tests/pest/Feature/CacheStorageTest.php" assertions="1" time="0.005549"/>
      <testcase name="Long site URI can be saved except for by file storage driver with data set &quot;YiiCacheStorage&quot;" class="Users\ben\Sites\plugins\craftv4\craftblitz\tests\pest\Feature\CacheStorageTest" classname="Users.ben.Sites.plugins.craftv4.craftblitz.tests.pest.Feature.CacheStorageTest" file="/Users/ben/Sites/plugins/craft_v4/craft-blitz/tests/pest/Feature/CacheStorageTest.php" assertions="1" time="0.003473"/>
      <testcase name="Long site URI can be saved except for by file storage driver with data set &quot;RedisStorage&quot;" class="Users\ben\Sites\plugins\craftv4\craftblitz\tests\pest\Feature\CacheStorageTest" classname="Users.ben.Sites.plugins.craftv4.craftblitz.tests.pest.Feature.CacheStorageTest" file="/Users/ben/Sites/plugins/craft_v4/craft-blitz/tests/pest/Feature/CacheStorageTest.php" assertions="1" time="0.004098"/>
      <testcase name="Site URI is decoded before being saved with data set &quot;FileStorage&quot;" class="Users\ben\Sites\plugins\craftv4\craftblitz\tests\pest\Feature\CacheStorageTest" classname="Users.ben.Sites.plugins.craftv4.craftblitz.tests.pest.Feature.CacheStorageTest" file="/Users/ben/Sites/plugins/craft_v4/craft-blitz/tests/pest/Feature/CacheStorageTest.php" assertions="1" time="0.007646"/>
      <testcase name="Site URI is decoded before being saved with data set &quot;YiiCacheStorage&quot;" class="Users\ben\Sites\plugins\craftv4\craftblitz\tests\pest\Feature\CacheStorageTest" classname="Users.ben.Sites.plugins.craftv4.craftblitz.tests.pest.Feature.CacheStorageTest" file="/Users/ben/Sites/plugins/craft_v4/craft-blitz/tests/pest/Feature/CacheStorageTest.php" assertions="1" time="0.002900"/>
      <testcase name="Site URI is decoded before being saved with data set &quot;RedisStorage&quot;" class="Users\ben\Sites\plugins\craftv4\craftblitz\tests\pest\Feature\CacheStorageTest" classname="Users.ben.Sites.plugins.craftv4.craftblitz.tests.pest.Feature.CacheStorageTest" file="/Users/ben/Sites/plugins/craft_v4/craft-blitz/tests/pest/Feature/CacheStorageTest.php" assertions="1" time="0.003348"/>
      <testcase name="Compressed cached value can be fetched compressed and uncompressed with data set &quot;FileStorage&quot;" class="Users\ben\Sites\plugins\craftv4\craftblitz\tests\pest\Feature\CacheStorageTest" classname="Users.ben.Sites.plugins.craftv4.craftblitz.tests.pest.Feature.CacheStorageTest" file="/Users/ben/Sites/plugins/craft_v4/craft-blitz/tests/pest/Feature/CacheStorageTest.php" assertions="2" time="0.006795"/>
      <testcase name="Compressed cached value can be fetched compressed and uncompressed with data set &quot;YiiCacheStorage&quot;" class="Users\ben\Sites\plugins\craftv4\craftblitz\tests\pest\Feature\CacheStorageTest" classname="Users.ben.Sites.plugins.craftv4.craftblitz.tests.pest.Feature.CacheStorageTest" file="/Users/ben/Sites/plugins/craft_v4/craft-blitz/tests/pest/Feature/CacheStorageTest.php" assertions="2" time="0.003015"/>
      <testcase name="Compressed cached value can be fetched compressed and uncompressed with data set &quot;RedisStorage&quot;" class="Users\ben\Sites\plugins\craftv4\craftblitz\tests\pest\Feature\CacheStorageTest" classname="Users.ben.Sites.plugins.craftv4.craftblitz.tests.pest.Feature.CacheStorageTest" file="/Users/ben/Sites/plugins/craft_v4/craft-blitz/tests/pest/Feature/CacheStorageTest.php" assertions="2" time="0.003695"/>
      <testcase name="Cached value of site URI can be deleted with data set &quot;FileStorage&quot;" class="Users\ben\Sites\plugins\craftv4\craftblitz\tests\pest\Feature\CacheStorageTest" classname="Users.ben.Sites.plugins.craftv4.craftblitz.tests.pest.Feature.CacheStorageTest" file="/Users/ben/Sites/plugins/craft_v4/craft-blitz/tests/pest/Feature/CacheStorageTest.php" assertions="1" time="0.006958"/>
      <testcase name="Cached value of site URI can be deleted with data set &quot;YiiCacheStorage&quot;" class="Users\ben\Sites\plugins\craftv4\craftblitz\tests\pest\Feature\CacheStorageTest" classname="Users.ben.Sites.plugins.craftv4.craftblitz.tests.pest.Feature.CacheStorageTest" file="/Users/ben/Sites/plugins/craft_v4/craft-blitz/tests/pest/Feature/CacheStorageTest.php" assertions="1" time="0.003012"/>
      <testcase name="Cached value of site URI can be deleted with data set &quot;RedisStorage&quot;" class="Users\ben\Sites\plugins\craftv4\craftblitz\tests\pest\Feature\CacheStorageTest" classname="Users.ben.Sites.plugins.craftv4.craftblitz.tests.pest.Feature.CacheStorageTest" file="/Users/ben/Sites/plugins/craft_v4/craft-blitz/tests/pest/Feature/CacheStorageTest.php" assertions="1" time="0.003476"/>
      <testcase name="Cached value of decoded site URI can be deleted with data set &quot;FileStorage&quot;" class="Users\ben\Sites\plugins\craftv4\craftblitz\tests\pest\Feature\CacheStorageTest" classname="Users.ben.Sites.plugins.craftv4.craftblitz.tests.pest.Feature.CacheStorageTest" file="/Users/ben/Sites/plugins/craft_v4/craft-blitz/tests/pest/Feature/CacheStorageTest.php" assertions="1" time="0.006309"/>
      <testcase name="Cached value of decoded site URI can be deleted with data set &quot;YiiCacheStorage&quot;" class="Users\ben\Sites\plugins\craftv4\craftblitz\tests\pest\Feature\CacheStorageTest" classname="Users.ben.Sites.plugins.craftv4.craftblitz.tests.pest.Feature.CacheStorageTest" file="/Users/ben/Sites/plugins/craft_v4/craft-blitz/tests/pest/Feature/CacheStorageTest.php" assertions="1" time="0.008331"/>
      <testcase name="Cached value of decoded site URI can be deleted with data set &quot;RedisStorage&quot;" class="Users\ben\Sites\plugins\craftv4\craftblitz\tests\pest\Feature\CacheStorageTest" classname="Users.ben.Sites.plugins.craftv4.craftblitz.tests.pest.Feature.CacheStorageTest" file="/Users/ben/Sites/plugins/craft_v4/craft-blitz/tests/pest/Feature/CacheStorageTest.php" assertions="1" time="0.003950"/>
      <testcase name="All cached values can be deleted with data set &quot;FileStorage&quot;" class="Users\ben\Sites\plugins\craftv4\craftblitz\tests\pest\Feature\CacheStorageTest" classname="Users.ben.Sites.plugins.craftv4.craftblitz.tests.pest.Feature.CacheStorageTest" file="/Users/ben/Sites/plugins/craft_v4/craft-blitz/tests/pest/Feature/CacheStorageTest.php" assertions="1" time="0.006129"/>
      <testcase name="All cached values can be deleted with data set &quot;YiiCacheStorage&quot;" class="Users\ben\Sites\plugins\craftv4\craftblitz\tests\pest\Feature\CacheStorageTest" classname="Users.ben.Sites.plugins.craftv4.craftblitz.tests.pest.Feature.CacheStorageTest" file="/Users/ben/Sites/plugins/craft_v4/craft-blitz/tests/pest/Feature/CacheStorageTest.php" assertions="1" time="0.003060"/>
      <testcase name="All cached values can be deleted with data set &quot;RedisStorage&quot;" class="Users\ben\Sites\plugins\craftv4\craftblitz\tests\pest\Feature\CacheStorageTest" classname="Users.ben.Sites.plugins.craftv4.craftblitz.tests.pest.Feature.CacheStorageTest" file="/Users/ben/Sites/plugins/craft_v4/craft-blitz/tests/pest/Feature/CacheStorageTest.php" assertions="1" time="0.003432"/>
    </testsuite>
    <testsuite name="P\Users\ben\Sites\plugins\craftv4\craftblitz\tests\pest\Feature\GenerateCacheTest" file="/Users/ben/Sites/plugins/craft_v4/craft-blitz/tests/pest/Feature/GenerateCacheTest.php" tests="28" assertions="35" errors="0" warnings="0" failures="0" skipped="0" time="1.193728">
      <testcase name="Cached value is saved with output comments" class="Users\ben\Sites\plugins\craftv4\craftblitz\tests\pest\Feature\GenerateCacheTest" classname="Users.ben.Sites.plugins.craftv4.craftblitz.tests.pest.Feature.GenerateCacheTest" file="/Users/ben/Sites/plugins/craft_v4/craft-blitz/tests/pest/Feature/GenerateCacheTest.php" assertions="2" time="0.041796"/>
      <testcase name="Cached value is saved without output comments" class="Users\ben\Sites\plugins\craftv4\craftblitz\tests\pest\Feature\GenerateCacheTest" classname="Users.ben.Sites.plugins.craftv4.craftblitz.tests.pest.Feature.GenerateCacheTest" file="/Users/ben/Sites/plugins/craft_v4/craft-blitz/tests/pest/Feature/GenerateCacheTest.php" assertions="2" time="0.026571"/>
      <testcase name="Cached value is saved with output comments when file extension is `.html`" class="Users\ben\Sites\plugins\craftv4\craftblitz\tests\pest\Feature\GenerateCacheTest" classname="Users.ben.Sites.plugins.craftv4.craftblitz.tests.pest.Feature.GenerateCacheTest" file="/Users/ben/Sites/plugins/craft_v4/craft-blitz/tests/pest/Feature/GenerateCacheTest.php" assertions="1" time="0.021427"/>
      <testcase name="Cached value is saved without output comments when file extension is not `.html`" class="Users\ben\Sites\plugins\craftv4\craftblitz\tests\pest\Feature\GenerateCacheTest" classname="Users.ben.Sites.plugins.craftv4.craftblitz.tests.pest.Feature.GenerateCacheTest" file="/Users/ben/Sites/plugins/craft_v4/craft-blitz/tests/pest/Feature/GenerateCacheTest.php" assertions="1" time="0.022487"/>
      <testcase name="Cache record with max URI length is saved" class="Users\ben\Sites\plugins\craftv4\craftblitz\tests\pest\Feature\GenerateCacheTest" classname="Users.ben.Sites.plugins.craftv4.craftblitz.tests.pest.Feature.GenerateCacheTest" file="/Users/ben/Sites/plugins/craft_v4/craft-blitz/tests/pest/Feature/GenerateCacheTest.php" assertions="1" time="0.026138"/>
      <testcase name="Cache record with max URI length exceeded throws exception" class="Users\ben\Sites\plugins\craftv4\craftblitz\tests\pest\Feature\GenerateCacheTest" classname="Users.ben.Sites.plugins.craftv4.craftblitz.tests.pest.Feature.GenerateCacheTest" file="/Users/ben/Sites/plugins/craft_v4/craft-blitz/tests/pest/Feature/GenerateCacheTest.php" assertions="1" time="0.023236"/>
      <testcase name="Element cache record is saved without custom fields" class="Users\ben\Sites\plugins\craftv4\craftblitz\tests\pest\Feature\GenerateCacheTest" classname="Users.ben.Sites.plugins.craftv4.craftblitz.tests.pest.Feature.GenerateCacheTest" file="/Users/ben/Sites/plugins/craft_v4/craft-blitz/tests/pest/Feature/GenerateCacheTest.php" assertions="2" time="0.107717"/>
      <testcase name="Element cache record is saved with custom fields" class="Users\ben\Sites\plugins\craftv4\craftblitz\tests\pest\Feature\GenerateCacheTest" classname="Users.ben.Sites.plugins.craftv4.craftblitz.tests.pest.Feature.GenerateCacheTest" file="/Users/ben/Sites/plugins/craft_v4/craft-blitz/tests/pest/Feature/GenerateCacheTest.php" assertions="2" time="0.048546"/>
      <testcase name="Element cache record is saved with eager loaded custom fields" class="Users\ben\Sites\plugins\craftv4\craftblitz\tests\pest\Feature\GenerateCacheTest" classname="Users.ben.Sites.plugins.craftv4.craftblitz.tests.pest.Feature.GenerateCacheTest" file="/Users/ben/Sites/plugins/craft_v4/craft-blitz/tests/pest/Feature/GenerateCacheTest.php" assertions="2" time="0.063204"/>
      <testcase name="Element cache record is saved with eager loaded custom fields in variable" class="Users\ben\Sites\plugins\craftv4\craftblitz\tests\pest\Feature\GenerateCacheTest" classname="Users.ben.Sites.plugins.craftv4.craftblitz.tests.pest.Feature.GenerateCacheTest" file="/Users/ben/Sites/plugins/craft_v4/craft-blitz/tests/pest/Feature/GenerateCacheTest.php" assertions="2" time="0.110096"/>
      <testcase name="Element query records without specific identifiers are saved" class="Users\ben\Sites\plugins\craftv4\craftblitz\tests\pest\Feature\GenerateCacheTest" classname="Users.ben.Sites.plugins.craftv4.craftblitz.tests.pest.Feature.GenerateCacheTest" file="/Users/ben/Sites/plugins/craft_v4/craft-blitz/tests/pest/Feature/GenerateCacheTest.php" assertions="1" time="0.048885"/>
      <testcase name="Element query records with specific identifiers are not saved" class="Users\ben\Sites\plugins\craftv4\craftblitz\tests\pest\Feature\GenerateCacheTest" classname="Users.ben.Sites.plugins.craftv4.craftblitz.tests.pest.Feature.GenerateCacheTest" file="/Users/ben/Sites/plugins/craft_v4/craft-blitz/tests/pest/Feature/GenerateCacheTest.php" assertions="1" time="0.030950"/>
      <testcase name="Element query record with join is saved" class="Users\ben\Sites\plugins\craftv4\craftblitz\tests\pest\Feature\GenerateCacheTest" classname="Users.ben.Sites.plugins.craftv4.craftblitz.tests.pest.Feature.GenerateCacheTest" file="/Users/ben/Sites/plugins/craft_v4/craft-blitz/tests/pest/Feature/GenerateCacheTest.php" assertions="1" time="0.027993"/>
      <testcase name="Element query record with relation field is not saved" class="Users\ben\Sites\plugins\craftv4\craftblitz\tests\pest\Feature\GenerateCacheTest" classname="Users.ben.Sites.plugins.craftv4.craftblitz.tests.pest.Feature.GenerateCacheTest" file="/Users/ben/Sites/plugins/craft_v4/craft-blitz/tests/pest/Feature/GenerateCacheTest.php" assertions="1" time="0.085081"/>
      <testcase name="Element query record with related to param is saved" class="Users\ben\Sites\plugins\craftv4\craftblitz\tests\pest\Feature\GenerateCacheTest" classname="Users.ben.Sites.plugins.craftv4.craftblitz.tests.pest.Feature.GenerateCacheTest" file="/Users/ben/Sites/plugins/craft_v4/craft-blitz/tests/pest/Feature/GenerateCacheTest.php" assertions="1" time="0.047299"/>
      <testcase name="Element query record with expression is not saved" class="Users\ben\Sites\plugins\craftv4\craftblitz\tests\pest\Feature\GenerateCacheTest" classname="Users.ben.Sites.plugins.craftv4.craftblitz.tests.pest.Feature.GenerateCacheTest" file="/Users/ben/Sites/plugins/craft_v4/craft-blitz/tests/pest/Feature/GenerateCacheTest.php" assertions="1" time="0.031361"/>
      <testcase name="Element query cache records are saved" class="Users\ben\Sites\plugins\craftv4\craftblitz\tests\pest\Feature\GenerateCacheTest" classname="Users.ben.Sites.plugins.craftv4.craftblitz.tests.pest.Feature.GenerateCacheTest" file="/Users/ben/Sites/plugins/craft_v4/craft-blitz/tests/pest/Feature/GenerateCacheTest.php" assertions="1" time="0.036422"/>
      <testcase name="Element query source records with specific source identifiers are saved" class="Users\ben\Sites\plugins\craftv4\craftblitz\tests\pest\Feature\GenerateCacheTest" classname="Users.ben.Sites.plugins.craftv4.craftblitz.tests.pest.Feature.GenerateCacheTest" file="/Users/ben/Sites/plugins/craft_v4/craft-blitz/tests/pest/Feature/GenerateCacheTest.php" assertions="2" time="0.053188"/>
      <testcase name="Element query source records without specific source identifiers are not saved" class="Users\ben\Sites\plugins\craftv4\craftblitz\tests\pest\Feature\GenerateCacheTest" classname="Users.ben.Sites.plugins.craftv4.craftblitz.tests.pest.Feature.GenerateCacheTest" file="/Users/ben/Sites/plugins/craft_v4/craft-blitz/tests/pest/Feature/GenerateCacheTest.php" assertions="1" time="0.047271"/>
      <testcase name="Element query attribute records are saved" class="Users\ben\Sites\plugins\craftv4\craftblitz\tests\pest\Feature\GenerateCacheTest" classname="Users.ben.Sites.plugins.craftv4.craftblitz.tests.pest.Feature.GenerateCacheTest" file="/Users/ben/Sites/plugins/craft_v4/craft-blitz/tests/pest/Feature/GenerateCacheTest.php" assertions="1" time="0.030127"/>
      <testcase name="Element query attribute records are saved with order by" class="Users\ben\Sites\plugins\craftv4\craftblitz\tests\pest\Feature\GenerateCacheTest" classname="Users.ben.Sites.plugins.craftv4.craftblitz.tests.pest.Feature.GenerateCacheTest" file="/Users/ben/Sites/plugins/craft_v4/craft-blitz/tests/pest/Feature/GenerateCacheTest.php" assertions="1" time="0.031094"/>
      <testcase name="Element query attribute records are saved with order by parts array" class="Users\ben\Sites\plugins\craftv4\craftblitz\tests\pest\Feature\GenerateCacheTest" classname="Users.ben.Sites.plugins.craftv4.craftblitz.tests.pest.Feature.GenerateCacheTest" file="/Users/ben/Sites/plugins/craft_v4/craft-blitz/tests/pest/Feature/GenerateCacheTest.php" assertions="1" time="0.033601"/>
      <testcase name="Element query attribute records are saved with before" class="Users\ben\Sites\plugins\craftv4\craftblitz\tests\pest\Feature\GenerateCacheTest" classname="Users.ben.Sites.plugins.craftv4.craftblitz.tests.pest.Feature.GenerateCacheTest" file="/Users/ben/Sites/plugins/craft_v4/craft-blitz/tests/pest/Feature/GenerateCacheTest.php" assertions="1" time="0.033347"/>
      <testcase name="Element query field records are saved with order by" class="Users\ben\Sites\plugins\craftv4\craftblitz\tests\pest\Feature\GenerateCacheTest" classname="Users.ben.Sites.plugins.craftv4.craftblitz.tests.pest.Feature.GenerateCacheTest" file="/Users/ben/Sites/plugins/craft_v4/craft-blitz/tests/pest/Feature/GenerateCacheTest.php" assertions="1" time="0.035597"/>
      <testcase name="Element query field records are saved with order by array" class="Users\ben\Sites\plugins\craftv4\craftblitz\tests\pest\Feature\GenerateCacheTest" classname="Users.ben.Sites.plugins.craftv4.craftblitz.tests.pest.Feature.GenerateCacheTest" file="/Users/ben/Sites/plugins/craft_v4/craft-blitz/tests/pest/Feature/GenerateCacheTest.php" assertions="1" time="0.031259"/>
      <testcase name="Cache tags are saved" class="Users\ben\Sites\plugins\craftv4\craftblitz\tests\pest\Feature\GenerateCacheTest" classname="Users.ben.Sites.plugins.craftv4.craftblitz.tests.pest.Feature.GenerateCacheTest" file="/Users/ben/Sites/plugins/craft_v4/craft-blitz/tests/pest/Feature/GenerateCacheTest.php" assertions="1" time="0.035722"/>
      <testcase name="Include record is saved" class="Users\ben\Sites\plugins\craftv4\craftblitz\tests\pest\Feature\GenerateCacheTest" classname="Users.ben.Sites.plugins.craftv4.craftblitz.tests.pest.Feature.GenerateCacheTest" file="/Users/ben/Sites/plugins/craft_v4/craft-blitz/tests/pest/Feature/GenerateCacheTest.php" assertions="1" time="0.032701"/>
      <testcase name="SSI include cache record is saved" class="Users\ben\Sites\plugins\craftv4\craftblitz\tests\pest\Feature\GenerateCacheTest" classname="Users.ben.Sites.plugins.craftv4.craftblitz.tests.pest.Feature.GenerateCacheTest" file="/Users/ben/Sites/plugins/craft_v4/craft-blitz/tests/pest/Feature/GenerateCacheTest.php" assertions="1" time="0.030612"/>
    </testsuite>
    <testsuite name="P\Users\ben\Sites\plugins\craftv4\craftblitz\tests\pest\Feature\RefreshCacheTest" file="/Users/ben/Sites/plugins/craft_v4/craft-blitz/tests/pest/Feature/RefreshCacheTest.php" tests="27" assertions="90" errors="0" warnings="0" failures="1" skipped="0" time="1.872922">
      <testcase name="Element is not tracked when it is unchanged" class="Users\ben\Sites\plugins\craftv4\craftblitz\tests\pest\Feature\RefreshCacheTest" classname="Users.ben.Sites.plugins.craftv4.craftblitz.tests.pest.Feature.RefreshCacheTest" file="/Users/ben/Sites/plugins/craft_v4/craft-blitz/tests/pest/Feature/RefreshCacheTest.php" assertions="1" time="0.048165"/>
      <testcase name="Element is tracked when `refreshCacheWhenElementSavedUnchanged` is `true` and it is unchanged" class="Users\ben\Sites\plugins\craftv4\craftblitz\tests\pest\Feature\RefreshCacheTest" classname="Users.ben.Sites.plugins.craftv4.craftblitz.tests.pest.Feature.RefreshCacheTest" file="/Users/ben/Sites/plugins/craft_v4/craft-blitz/tests/pest/Feature/RefreshCacheTest.php" assertions="6" time="0.048708"/>
      <testcase name="Element is not tracked when disabled and its attribute is changed" class="Users\ben\Sites\plugins\craftv4\craftblitz\tests\pest\Feature\RefreshCacheTest" classname="Users.ben.Sites.plugins.craftv4.craftblitz.tests.pest.Feature.RefreshCacheTest" file="/Users/ben/Sites/plugins/craft_v4/craft-blitz/tests/pest/Feature/RefreshCacheTest.php" assertions="1" time="0.046828"/>
      <testcase name="Element is tracked when disabled and `refreshCacheWhenElementSavedNotLive` is `true` and its attribute is changed" class="Users\ben\Sites\plugins\craftv4\craftblitz\tests\pest\Feature\RefreshCacheTest" classname="Users.ben.Sites.plugins.craftv4.craftblitz.tests.pest.Feature.RefreshCacheTest" file="/Users/ben/Sites/plugins/craft_v4/craft-blitz/tests/pest/Feature/RefreshCacheTest.php" assertions="6" time="0.057213"/>
      <testcase name="Element is tracked when its status is changed" class="Users\ben\Sites\plugins\craftv4\craftblitz\tests\pest\Feature\RefreshCacheTest" classname="Users.ben.Sites.plugins.craftv4.craftblitz.tests.pest.Feature.RefreshCacheTest" file="/Users/ben/Sites/plugins/craft_v4/craft-blitz/tests/pest/Feature/RefreshCacheTest.php" assertions="6" time="0.055126"/>
      <testcase name="Element is tracked when it expires" class="Users\ben\Sites\plugins\craftv4\craftblitz\tests\pest\Feature\RefreshCacheTest" classname="Users.ben.Sites.plugins.craftv4.craftblitz.tests.pest.Feature.RefreshCacheTest" file="/Users/ben/Sites/plugins/craft_v4/craft-blitz/tests/pest/Feature/RefreshCacheTest.php" assertions="6" time="0.050799"/>
      <testcase name="Element is tracked when it is deleted" class="Users\ben\Sites\plugins\craftv4\craftblitz\tests\pest\Feature\RefreshCacheTest" classname="Users.ben.Sites.plugins.craftv4.craftblitz.tests.pest.Feature.RefreshCacheTest" file="/Users/ben/Sites/plugins/craft_v4/craft-blitz/tests/pest/Feature/RefreshCacheTest.php" assertions="6" time="0.066040"/>
      <testcase name="Element is tracked when its attribute is changed" class="Users\ben\Sites\plugins\craftv4\craftblitz\tests\pest\Feature\RefreshCacheTest" classname="Users.ben.Sites.plugins.craftv4.craftblitz.tests.pest.Feature.RefreshCacheTest" file="/Users/ben/Sites/plugins/craft_v4/craft-blitz/tests/pest/Feature/RefreshCacheTest.php" assertions="6" time="0.049815"/>
      <testcase name="Element is tracked when its field is changed" class="Users\ben\Sites\plugins\craftv4\craftblitz\tests\pest\Feature\RefreshCacheTest" classname="Users.ben.Sites.plugins.craftv4.craftblitz.tests.pest.Feature.RefreshCacheTest" file="/Users/ben/Sites/plugins/craft_v4/craft-blitz/tests/pest/Feature/RefreshCacheTest.php" assertions="6" time="0.051801"/>
      <testcase name="Element is tracked when its attribute and field are changed" class="Users\ben\Sites\plugins\craftv4\craftblitz\tests\pest\Feature\RefreshCacheTest" classname="Users.ben.Sites.plugins.craftv4.craftblitz.tests.pest.Feature.RefreshCacheTest" file="/Users/ben/Sites/plugins/craft_v4/craft-blitz/tests/pest/Feature/RefreshCacheTest.php" assertions="6" time="0.064780"/>
      <testcase name="Element is tracked when its status and attribute and field are changed" class="Users\ben\Sites\plugins\craftv4\craftblitz\tests\pest\Feature\RefreshCacheTest" classname="Users.ben.Sites.plugins.craftv4.craftblitz.tests.pest.Feature.RefreshCacheTest" file="/Users/ben/Sites/plugins/craft_v4/craft-blitz/tests/pest/Feature/RefreshCacheTest.php" assertions="6" time="0.058597"/>
      <testcase name="Asset is tracked when its file is replaced" class="Users\ben\Sites\plugins\craftv4\craftblitz\tests\pest\Feature\RefreshCacheTest" classname="Users.ben.Sites.plugins.craftv4.craftblitz.tests.pest.Feature.RefreshCacheTest" file="/Users/ben/Sites/plugins/craft_v4/craft-blitz/tests/pest/Feature/RefreshCacheTest.php" assertions="7" time="0.124439"/>
      <testcase name="Asset is tracked when its filename is changed" class="Users\ben\Sites\plugins\craftv4\craftblitz\tests\pest\Feature\RefreshCacheTest" classname="Users.ben.Sites.plugins.craftv4.craftblitz.tests.pest.Feature.RefreshCacheTest" file="/Users/ben/Sites/plugins/craft_v4/craft-blitz/tests/pest/Feature/RefreshCacheTest.php" assertions="7" time="0.062852"/>
      <testcase name="Asset is tracked when its focal point is changed" class="Users\ben\Sites\plugins\craftv4\craftblitz\tests\pest\Feature\RefreshCacheTest" classname="Users.ben.Sites.plugins.craftv4.craftblitz.tests.pest.Feature.RefreshCacheTest" file="/Users/ben/Sites/plugins/craft_v4/craft-blitz/tests/pest/Feature/RefreshCacheTest.php" assertions="7" time="0.065546"/>
      <testcase name="Element expiry date record is saved when an entry has a future post date" class="Users\ben\Sites\plugins\craftv4\craftblitz\tests\pest\Feature\RefreshCacheTest" classname="Users.ben.Sites.plugins.craftv4.craftblitz.tests.pest.Feature.RefreshCacheTest" file="/Users/ben/Sites/plugins/craft_v4/craft-blitz/tests/pest/Feature/RefreshCacheTest.php" assertions="1" time="0.070734"/>
      <testcase name="Element expiry date record is saved when an entry has a future expiry date" class="Users\ben\Sites\plugins\craftv4\craftblitz\tests\pest\Feature\RefreshCacheTest" classname="Users.ben.Sites.plugins.craftv4.craftblitz.tests.pest.Feature.RefreshCacheTest" file="/Users/ben/Sites/plugins/craft_v4/craft-blitz/tests/pest/Feature/RefreshCacheTest.php" assertions="1" time="0.068327"/>
      <testcase name="Element cache IDs are returned when an entry is changed" class="Users\ben\Sites\plugins\craftv4\craftblitz\tests\pest\Feature\RefreshCacheTest" classname="Users.ben.Sites.plugins.craftv4.craftblitz.tests.pest.Feature.RefreshCacheTest" file="/Users/ben/Sites/plugins/craft_v4/craft-blitz/tests/pest/Feature/RefreshCacheTest.php" assertions="1" time="0.068279"/>
      <testcase name="Element cache IDs are returned when an entry is changed by attributes" class="Users\ben\Sites\plugins\craftv4\craftblitz\tests\pest\Feature\RefreshCacheTest" classname="Users.ben.Sites.plugins.craftv4.craftblitz.tests.pest.Feature.RefreshCacheTest" file="/Users/ben/Sites/plugins/craft_v4/craft-blitz/tests/pest/Feature/RefreshCacheTest.php" assertions="1" time="0.065895"/>
      <testcase name="Element cache IDs are not returned when an entry is changed by custom fields" class="Users\ben\Sites\plugins\craftv4\craftblitz\tests\pest\Feature\RefreshCacheTest" classname="Users.ben.Sites.plugins.craftv4.craftblitz.tests.pest.Feature.RefreshCacheTest" file="/Users/ben/Sites/plugins/craft_v4/craft-blitz/tests/pest/Feature/RefreshCacheTest.php" assertions="1" time="0.064507">
        <failure type="PHPUnit\Framework\ExpectationFailedException">/Users/ben/Sites/plugins/craft_v4/craft-blitz/tests/pest/Feature/RefreshCacheTest.php::Element cache IDs are not returned when an entry is changed by custom fields
Failed asserting that actual size 0 matches expected size 10.

/var/www/project/cms_v4/vendor/pestphp/pest/src/Expectation.php:452
/Users/ben/Sites/plugins/craft_v4/craft-blitz/tests/pest/Feature/RefreshCacheTest.php:205
/var/www/project/cms_v4/vendor/pestphp/pest/src/Factories/TestCaseFactory.php:151
/var/www/project/cms_v4/vendor/pestphp/pest/src/Concerns/Testable.php:301
/var/www/project/cms_v4/vendor/pestphp/pest/src/Support/ExceptionTrace.php:29
/var/www/project/cms_v4/vendor/pestphp/pest/src/Concerns/Testable.php:302
/var/www/project/cms_v4/vendor/pestphp/pest/src/Concerns/Testable.php:278
/var/www/project/cms_v4/vendor/pestphp/pest/src/Console/Command.php:119
/var/www/project/cms_v4/vendor/pestphp/pest/bin/pest:62
/var/www/project/cms_v4/vendor/pestphp/pest/bin/pest:63
/var/www/project/cms_v4/vendor/bin/pest:120</failure>
      </testcase>
      <testcase name="Element query cache IDs are returned when a disabled entry is changed" class="Users\ben\Sites\plugins\craftv4\craftblitz\tests\pest\Feature\RefreshCacheTest" classname="Users.ben.Sites.plugins.craftv4.craftblitz.tests.pest.Feature.RefreshCacheTest" file="/Users/ben/Sites/plugins/craft_v4/craft-blitz/tests/pest/Feature/RefreshCacheTest.php" assertions="1" time="0.106932"/>
      <testcase name="Element query type records are returned when an entry is changed" class="Users\ben\Sites\plugins\craftv4\craftblitz\tests\pest\Feature\RefreshCacheTest" classname="Users.ben.Sites.plugins.craftv4.craftblitz.tests.pest.Feature.RefreshCacheTest" file="/Users/ben/Sites/plugins/craft_v4/craft-blitz/tests/pest/Feature/RefreshCacheTest.php" assertions="1" time="0.085092"/>
      <testcase name="Element query type records without a cache ID are not returned when an entry is changed" class="Users\ben\Sites\plugins\craftv4\craftblitz\tests\pest\Feature\RefreshCacheTest" classname="Users.ben.Sites.plugins.craftv4.craftblitz.tests.pest.Feature.RefreshCacheTest" file="/Users/ben/Sites/plugins/craft_v4/craft-blitz/tests/pest/Feature/RefreshCacheTest.php" assertions="1" time="0.093986"/>
      <testcase name="Element query type records are returned when an entry is changed by attributes used in the query" class="Users\ben\Sites\plugins\craftv4\craftblitz\tests\pest\Feature\RefreshCacheTest" classname="Users.ben.Sites.plugins.craftv4.craftblitz.tests.pest.Feature.RefreshCacheTest" file="/Users/ben/Sites/plugins/craft_v4/craft-blitz/tests/pest/Feature/RefreshCacheTest.php" assertions="1" time="0.076792"/>
      <testcase name="Element query type records are not returned when an entry is changed by attributes not used in the query" class="Users\ben\Sites\plugins\craftv4\craftblitz\tests\pest\Feature\RefreshCacheTest" classname="Users.ben.Sites.plugins.craftv4.craftblitz.tests.pest.Feature.RefreshCacheTest" file="/Users/ben/Sites/plugins/craft_v4/craft-blitz/tests/pest/Feature/RefreshCacheTest.php" assertions="1" time="0.078603"/>
      <testcase name="Element query type records are returned when an entry is changed by custom fields used in the query" class="Users\ben\Sites\plugins\craftv4\craftblitz\tests\pest\Feature\RefreshCacheTest" classname="Users.ben.Sites.plugins.craftv4.craftblitz.tests.pest.Feature.RefreshCacheTest" file="/Users/ben/Sites/plugins/craft_v4/craft-blitz/tests/pest/Feature/RefreshCacheTest.php" assertions="1" time="0.075477"/>
      <testcase name="Element query type records are not returned when an entry is changed by custom fields not used in the query" class="Users\ben\Sites\plugins\craftv4\craftblitz\tests\pest\Feature\RefreshCacheTest" classname="Users.ben.Sites.plugins.craftv4.craftblitz.tests.pest.Feature.RefreshCacheTest" file="/Users/ben/Sites/plugins/craft_v4/craft-blitz/tests/pest/Feature/RefreshCacheTest.php" assertions="1" time="0.078419"/>
      <testcase name="Element query type records are returned when an entry is changed with the date updated used in the query" class="Users\ben\Sites\plugins\craftv4\craftblitz\tests\pest\Feature\RefreshCacheTest" classname="Users.ben.Sites.plugins.craftv4.craftblitz.tests.pest.Feature.RefreshCacheTest" file="/Users/ben/Sites/plugins/craft_v4/craft-blitz/tests/pest/Feature/RefreshCacheTest.php" assertions="1" time="0.089170"/>
    </testsuite>
    <testsuite name="P\Users\ben\Sites\plugins\craftv4\craftblitz\tests\pest\Feature\SiteUriTest" file="/Users/ben/Sites/plugins/craft_v4/craft-blitz/tests/pest/Feature/SiteUriTest.php" tests="5" assertions="11" errors="0" warnings="0" failures="0" skipped="0" time="0.216575">
      <testcase name="Site URIs are returned from assets with transforms" class="Users\ben\Sites\plugins\craftv4\craftblitz\tests\pest\Feature\SiteUriTest" classname="Users.ben.Sites.plugins.craftv4.craftblitz.tests.pest.Feature.SiteUriTest" file="/Users/ben/Sites/plugins/craft_v4/craft-blitz/tests/pest/Feature/SiteUriTest.php" assertions="3" time="0.090909"/>
      <testcase name="HTML mime type is returned when site URI is HTML" class="Users\ben\Sites\plugins\craftv4\craftblitz\tests\pest\Feature\SiteUriTest" classname="Users.ben.Sites.plugins.craftv4.craftblitz.tests.pest.Feature.SiteUriTest" file="/Users/ben/Sites/plugins/craft_v4/craft-blitz/tests/pest/Feature/SiteUriTest.php" assertions="1" time="0.032422"/>
      <testcase name="JSON mime type is returned when site URI is JSON" class="Users\ben\Sites\plugins\craftv4\craftblitz\tests\pest\Feature\SiteUriTest" classname="Users.ben.Sites.plugins.craftv4.craftblitz.tests.pest.Feature.SiteUriTest" file="/Users/ben/Sites/plugins/craft_v4/craft-blitz/tests/pest/Feature/SiteUriTest.php" assertions="1" time="0.030914"/>
      <testcase name="Site URIs with page triggers are paginated" class="Users\ben\Sites\plugins\craftv4\craftblitz\tests\pest\Feature\SiteUriTest" classname="Users.ben.Sites.plugins.craftv4.craftblitz.tests.pest.Feature.SiteUriTest" file="/Users/ben/Sites/plugins/craft_v4/craft-blitz/tests/pest/Feature/SiteUriTest.php" assertions="3" time="0.031467"/>
      <testcase name="Site URIs without page triggers are not paginated" class="Users\ben\Sites\plugins\craftv4\craftblitz\tests\pest\Feature\SiteUriTest" classname="Users.ben.Sites.plugins.craftv4.craftblitz.tests.pest.Feature.SiteUriTest" file="/Users/ben/Sites/plugins/craft_v4/craft-blitz/tests/pest/Feature/SiteUriTest.php" assertions="3" time="0.030862"/>
    </testsuite>
    <testsuite name="P\Users\ben\Sites\plugins\craftv4\craftblitz\tests\pest\Integration\CommerceTest" file="/Users/ben/Sites/plugins/craft_v4/craft-blitz/tests/pest/Integration/CommerceTest.php" tests="1" assertions="3" errors="0" warnings="0" failures="0" skipped="0" time="0.114650">
      <testcase name="Variants are refreshed on order completion" class="Users\ben\Sites\plugins\craftv4\craftblitz\tests\pest\Integration\CommerceTest" classname="Users.ben.Sites.plugins.craftv4.craftblitz.tests.pest.Integration.CommerceTest" file="/Users/ben/Sites/plugins/craft_v4/craft-blitz/tests/pest/Integration/CommerceTest.php" assertions="3" time="0.114650"/>
    </testsuite>
    <testsuite name="P\Users\ben\Sites\plugins\craftv4\craftblitz\tests\pest\Integration\FeedMeTest" file="/Users/ben/Sites/plugins/craft_v4/craft-blitz/tests/pest/Integration/FeedMeTest.php" tests="1" assertions="2" errors="0" warnings="0" failures="0" skipped="0" time="0.032665">
      <testcase name="Cache is refreshed with batch mode enabled" class="Users\ben\Sites\plugins\craftv4\craftblitz\tests\pest\Integration\FeedMeTest" classname="Users.ben.Sites.plugins.craftv4.craftblitz.tests.pest.Integration.FeedMeTest" file="/Users/ben/Sites/plugins/craft_v4/craft-blitz/tests/pest/Integration/FeedMeTest.php" assertions="2" time="0.032665"/>
    </testsuite>
    <testsuite name="P\Users\ben\Sites\plugins\craftv4\craftblitz\tests\pest\Integration\SeomaticTest" file="/Users/ben/Sites/plugins/craft_v4/craft-blitz/tests/pest/Integration/SeomaticTest.php" tests="3" assertions="7" errors="0" warnings="0" failures="0" skipped="0" time="0.175316">
      <testcase name="Invalidate container caches event without a URL or source triggers a refresh all" class="Users\ben\Sites\plugins\craftv4\craftblitz\tests\pest\Integration\SeomaticTest" classname="Users.ben.Sites.plugins.craftv4.craftblitz.tests.pest.Integration.SeomaticTest" file="/Users/ben/Sites/plugins/craft_v4/craft-blitz/tests/pest/Integration/SeomaticTest.php" assertions="2" time="0.051103"/>
      <testcase name="Invalidate container caches event with a specific source triggers a refresh" class="Users\ben\Sites\plugins\craftv4\craftblitz\tests\pest\Integration\SeomaticTest" classname="Users.ben.Sites.plugins.craftv4.craftblitz.tests.pest.Integration.SeomaticTest" file="/Users/ben/Sites/plugins/craft_v4/craft-blitz/tests/pest/Integration/SeomaticTest.php" assertions="3" time="0.072460"/>
      <testcase name="Invalidate container caches event for a specific element does not trigger a refresh" class="Users\ben\Sites\plugins\craftv4\craftblitz\tests\pest\Integration\SeomaticTest" classname="Users.ben.Sites.plugins.craftv4.craftblitz.tests.pest.Integration.SeomaticTest" file="/Users/ben/Sites/plugins/craft_v4/craft-blitz/tests/pest/Integration/SeomaticTest.php" assertions="2" time="0.051753"/>
    </testsuite>
    <testsuite name="P\Users\ben\Sites\plugins\craftv4\craftblitz\tests\pest\Interface\WebResponseTest" file="/Users/ben/Sites/plugins/craft_v4/craft-blitz/tests/pest/Interface/WebResponseTest.php" tests="7" assertions="14" errors="0" warnings="0" failures="0" skipped="0" time="0.935438">
      <testcase name="Response adds `X-Powered-By` header once" class="Users\ben\Sites\plugins\craftv4\craftblitz\tests\pest\Interface\WebResponseTest" classname="Users.ben.Sites.plugins.craftv4.craftblitz.tests.pest.Interface.WebResponseTest" file="/Users/ben/Sites/plugins/craft_v4/craft-blitz/tests/pest/Interface/WebResponseTest.php" assertions="2" time="0.177383"/>
      <testcase name="Response overwrites `X-Powered-By` header" class="Users\ben\Sites\plugins\craftv4\craftblitz\tests\pest\Interface\WebResponseTest" classname="Users.ben.Sites.plugins.craftv4.craftblitz.tests.pest.Interface.WebResponseTest" file="/Users/ben/Sites/plugins/craft_v4/craft-blitz/tests/pest/Interface/WebResponseTest.php" assertions="2" time="0.166522"/>
      <testcase name="Response contains output comments when enabled" class="Users\ben\Sites\plugins\craftv4\craftblitz\tests\pest\Interface\WebResponseTest" classname="Users.ben.Sites.plugins.craftv4.craftblitz.tests.pest.Interface.WebResponseTest" file="/Users/ben/Sites/plugins/craft_v4/craft-blitz/tests/pest/Interface/WebResponseTest.php" assertions="2" time="0.227194"/>
      <testcase name="Response does not contain output comments when disabled" class="Users\ben\Sites\plugins\craftv4\craftblitz\tests\pest\Interface\WebResponseTest" classname="Users.ben.Sites.plugins.craftv4.craftblitz.tests.pest.Interface.WebResponseTest" file="/Users/ben/Sites/plugins/craft_v4/craft-blitz/tests/pest/Interface/WebResponseTest.php" assertions="2" time="0.236229"/>
      <testcase name="Response with mime type has headers and does not contain output comments" class="Users\ben\Sites\plugins\craftv4\craftblitz\tests\pest\Interface\WebResponseTest" classname="Users.ben.Sites.plugins.craftv4.craftblitz.tests.pest.Interface.WebResponseTest" file="/Users/ben/Sites/plugins/craft_v4/craft-blitz/tests/pest/Interface/WebResponseTest.php" assertions="2" time="0.041547"/>
      <testcase name="Response is encoded when compression is enabled" class="Users\ben\Sites\plugins\craftv4\craftblitz\tests\pest\Interface\WebResponseTest" classname="Users.ben.Sites.plugins.craftv4.craftblitz.tests.pest.Interface.WebResponseTest" file="/Users/ben/Sites/plugins/craft_v4/craft-blitz/tests/pest/Interface/WebResponseTest.php" assertions="2" time="0.043230"/>
      <testcase name="Response is not encoded when compression is disabled" class="Users\ben\Sites\plugins\craftv4\craftblitz\tests\pest\Interface\WebResponseTest" classname="Users.ben.Sites.plugins.craftv4.craftblitz.tests.pest.Interface.WebResponseTest" file="/Users/ben/Sites/plugins/craft_v4/craft-blitz/tests/pest/Interface/WebResponseTest.php" assertions="2" time="0.043333"/>
    </testsuite>
  </testsuite>
</testsuites>
